[ 50%] Built target deneme
[ 75%] [32mBuilding CXX object CMakeFiles/main.dir/src/main.cpp.o[0m
[01m[K/home/nida/Desktop/qml_ws/src/qml_pkg/src/main.cpp:17:1:[m[K [01;31m[Kerror: [m[Kâ€˜[01m[KSLIDER[m[Kâ€™ does not name a type
   17 | [01;31m[KSLIDER[m[K.data = 10;
      | [01;31m[K^~~~~~[m[K
gmake[2]: *** [CMakeFiles/main.dir/build.make:76: CMakeFiles/main.dir/src/main.cpp.o] Error 1
gmake[1]: *** [CMakeFiles/Makefile2:139: CMakeFiles/main.dir/all] Error 2
gmake: *** [Makefile:146: all] Error 2
