[0.050s] Invoking command in '/home/nida/Desktop/qml_ws/build/qml_pkg': /home/nida/.local/bin/cmake --build /home/nida/Desktop/qml_ws/build/qml_pkg -- -j8 -l8
[0.234s] -- Found ament_cmake: 1.3.8 (/home/nida/ros2_humble/install/ament_cmake/share/ament_cmake/cmake)
[1.135s] -- Found rclcpp: 16.0.8 (/opt/ros/humble/share/rclcpp/cmake)
[1.184s] -- Found rosidl_generator_c: 3.1.5 (/opt/ros/humble/share/rosidl_generator_c/cmake)
[1.188s] -- Found rosidl_adapter: 3.1.5 (/opt/ros/humble/share/rosidl_adapter/cmake)
[1.197s] -- Found rosidl_generator_cpp: 3.1.5 (/opt/ros/humble/share/rosidl_generator_cpp/cmake)
[1.248s] -- Using all available rosidl_typesupport_c: rosidl_typesupport_introspection_c;rosidl_typesupport_fastrtps_c
[1.304s] -- Using all available rosidl_typesupport_cpp: rosidl_typesupport_introspection_cpp;rosidl_typesupport_fastrtps_cpp
[1.458s] -- Found rmw_implementation_cmake: 6.1.1 (/opt/ros/humble/share/rmw_implementation_cmake/cmake)
[1.506s] -- Found rmw_fastrtps_cpp: 6.2.6 (/opt/ros/humble/share/rmw_fastrtps_cpp/cmake)
[1.850s] -- Using RMW implementation 'rmw_fastrtps_cpp' as default
[2.092s] -- Found example_interfaces: 0.9.3 (/opt/ros/humble/share/example_interfaces/cmake)
[3.095s] Error parsing '/home/nida/Desktop/qml_ws/src/qml_pkg/package.xml':
[3.282s] Traceback (most recent call last):
[3.282s]   File "/usr/lib/python3/dist-packages/catkin_pkg/package.py", line 610, in parse_package_string
[3.282s]     root = dom.parseString(data)
[3.282s]   File "/usr/lib/python3.10/xml/dom/minidom.py", line 2000, in parseString
[3.283s]     return expatbuilder.parseString(string)
[3.283s]   File "/usr/lib/python3.10/xml/dom/expatbuilder.py", line 925, in parseString
[3.283s]     return builder.parseString(string)
[3.283s]   File "/usr/lib/python3.10/xml/dom/expatbuilder.py", line 223, in parseString
[3.283s]     parser.Parse(string, True)
[3.283s] xml.parsers.expat.ExpatError: unclosed token: line 15, column 35
[3.284s] 
[3.284s] During handling of the above exception, another exception occurred:
[3.284s] 
[3.284s] Traceback (most recent call last):
[3.284s]   File "/home/nida/ros2_humble/install/ament_cmake_core/share/ament_cmake_core/cmake/core/package_xml_2_cmake.py", line 150, in <module>
[3.284s]     main()
[3.284s]   File "/home/nida/ros2_humble/install/ament_cmake_core/share/ament_cmake_core/cmake/core/package_xml_2_cmake.py", line 53, in main
[3.284s]     raise e
[3.285s]   File "/home/nida/ros2_humble/install/ament_cmake_core/share/ament_cmake_core/cmake/core/package_xml_2_cmake.py", line 49, in main
[3.285s]     package = parse_package_string(
[3.285s]   File "/usr/lib/python3/dist-packages/catkin_pkg/package.py", line 612, in parse_package_string
[3.285s]     raise InvalidPackage('The manifest contains invalid XML:\n%s' % ex, filename)
[3.285s] catkin_pkg.package.InvalidPackage: Error(s) in package '/home/nida/Desktop/qml_ws/src/qml_pkg/package.xml':
[3.285s] The manifest contains invalid XML:
[3.285s] unclosed token: line 15, column 35
[3.305s] [31mCMake Error at /home/nida/ros2_humble/install/ament_cmake_core/share/ament_cmake_core/cmake/core/ament_package_xml.cmake:95 (message):
[3.305s]   execute_process(/usr/bin/python3
[3.305s]   /home/nida/ros2_humble/install/ament_cmake_core/share/ament_cmake_core/cmake/core/package_xml_2_cmake.py
[3.305s]   /home/nida/Desktop/qml_ws/src/qml_pkg/package.xml
[3.305s]   /home/nida/Desktop/qml_ws/build/qml_pkg/ament_cmake_core/package.cmake)
[3.305s]   returned error code 1
[3.306s] Call Stack (most recent call first):
[3.306s]   /home/nida/ros2_humble/install/ament_cmake_core/share/ament_cmake_core/cmake/core/ament_package_xml.cmake:49 (_ament_package_xml)
[3.306s]   /home/nida/ros2_humble/install/ament_cmake_core/share/ament_cmake_core/cmake/core/ament_package.cmake:63 (ament_package_xml)
[3.306s]   CMakeLists.txt:36 (ament_package)
[3.306s] 
[3.306s] [0m
[3.306s] -- Configuring incomplete, errors occurred!
[3.332s] gmake: *** [Makefile:226: cmake_check_build_system] Error 1
[3.343s] Invoked command in '/home/nida/Desktop/qml_ws/build/qml_pkg' returned '2': /home/nida/.local/bin/cmake --build /home/nida/Desktop/qml_ws/build/qml_pkg -- -j8 -l8
