[0.044s] Invoking command in '/home/nida/Desktop/qml_ws/build/qml_pkg': /home/nida/.local/bin/cmake --build /home/nida/Desktop/qml_ws/build/qml_pkg -- -j8 -l8
[0.195s] -- Found ament_cmake: 1.3.8 (/home/nida/ros2_humble/install/ament_cmake/share/ament_cmake/cmake)
[0.976s] -- Found rclcpp: 16.0.8 (/opt/ros/humble/share/rclcpp/cmake)
[1.012s] -- Found rosidl_generator_c: 3.1.5 (/opt/ros/humble/share/rosidl_generator_c/cmake)
[1.015s] -- Found rosidl_adapter: 3.1.5 (/opt/ros/humble/share/rosidl_adapter/cmake)
[1.023s] -- Found rosidl_generator_cpp: 3.1.5 (/opt/ros/humble/share/rosidl_generator_cpp/cmake)
[1.073s] -- Using all available rosidl_typesupport_c: rosidl_typesupport_introspection_c;rosidl_typesupport_fastrtps_c
[1.135s] -- Using all available rosidl_typesupport_cpp: rosidl_typesupport_introspection_cpp;rosidl_typesupport_fastrtps_cpp
[1.264s] -- Found rmw_implementation_cmake: 6.1.1 (/opt/ros/humble/share/rmw_implementation_cmake/cmake)
[1.301s] -- Found rmw_fastrtps_cpp: 6.2.6 (/opt/ros/humble/share/rmw_fastrtps_cpp/cmake)
[1.501s] -- Using RMW implementation 'rmw_fastrtps_cpp' as default
[1.691s] -- Found example_interfaces: 0.9.3 (/opt/ros/humble/share/example_interfaces/cmake)
[2.362s] Error parsing '/home/nida/Desktop/qml_ws/src/qml_pkg/package.xml':
[2.475s] Traceback (most recent call last):
[2.475s]   File "/usr/lib/python3/dist-packages/catkin_pkg/package.py", line 610, in parse_package_string
[2.475s]     root = dom.parseString(data)
[2.475s]   File "/usr/lib/python3.10/xml/dom/minidom.py", line 2000, in parseString
[2.476s]     return expatbuilder.parseString(string)
[2.476s]   File "/usr/lib/python3.10/xml/dom/expatbuilder.py", line 925, in parseString
[2.476s]     return builder.parseString(string)
[2.476s]   File "/usr/lib/python3.10/xml/dom/expatbuilder.py", line 223, in parseString
[2.476s]     parser.Parse(string, True)
[2.476s] xml.parsers.expat.ExpatError: unclosed token: line 15, column 35
[2.476s] 
[2.476s] During handling of the above exception, another exception occurred:
[2.476s] 
[2.476s] Traceback (most recent call last):
[2.476s]   File "/home/nida/ros2_humble/install/ament_cmake_core/share/ament_cmake_core/cmake/core/package_xml_2_cmake.py", line 150, in <module>
[2.477s]     main()
[2.477s]   File "/home/nida/ros2_humble/install/ament_cmake_core/share/ament_cmake_core/cmake/core/package_xml_2_cmake.py", line 53, in main
[2.477s]     raise e
[2.477s]   File "/home/nida/ros2_humble/install/ament_cmake_core/share/ament_cmake_core/cmake/core/package_xml_2_cmake.py", line 49, in main
[2.477s]     package = parse_package_string(
[2.477s]   File "/usr/lib/python3/dist-packages/catkin_pkg/package.py", line 612, in parse_package_string
[2.477s]     raise InvalidPackage('The manifest contains invalid XML:\n%s' % ex, filename)
[2.477s] catkin_pkg.package.InvalidPackage: Error(s) in package '/home/nida/Desktop/qml_ws/src/qml_pkg/package.xml':
[2.477s] The manifest contains invalid XML:
[2.477s] unclosed token: line 15, column 35
[2.490s] [31mCMake Error at /home/nida/ros2_humble/install/ament_cmake_core/share/ament_cmake_core/cmake/core/ament_package_xml.cmake:95 (message):
[2.490s]   execute_process(/usr/bin/python3
[2.491s]   /home/nida/ros2_humble/install/ament_cmake_core/share/ament_cmake_core/cmake/core/package_xml_2_cmake.py
[2.491s]   /home/nida/Desktop/qml_ws/src/qml_pkg/package.xml
[2.491s]   /home/nida/Desktop/qml_ws/build/qml_pkg/ament_cmake_core/package.cmake)
[2.491s]   returned error code 1
[2.491s] Call Stack (most recent call first):
[2.491s]   /home/nida/ros2_humble/install/ament_cmake_core/share/ament_cmake_core/cmake/core/ament_package_xml.cmake:49 (_ament_package_xml)
[2.491s]   /home/nida/ros2_humble/install/ament_cmake_core/share/ament_cmake_core/cmake/core/ament_package.cmake:63 (ament_package_xml)
[2.491s]   CMakeLists.txt:36 (ament_package)
[2.491s] 
[2.492s] [0m
[2.492s] -- Configuring incomplete, errors occurred!
[2.505s] gmake: *** [Makefile:226: cmake_check_build_system] Error 1
[2.512s] Invoked command in '/home/nida/Desktop/qml_ws/build/qml_pkg' returned '2': /home/nida/.local/bin/cmake --build /home/nida/Desktop/qml_ws/build/qml_pkg -- -j8 -l8
