[0.029s] Invoking command in '/home/nida/Desktop/qml_ws/build/qml_pkg': CMAKE_PREFIX_PATH=${CMAKE_PREFIX_PATH}:/home/nida/Desktop/ROV/task2_ws/install/task2_pkg:/home/nida/ros2_humble/install/rqt_bag_plugins:/home/nida/ros2_humble/install/rqt_bag:/home/nida/ros2_humble/install/ros2bag:/home/nida/ros2_humble/install/tracetools_test:/home/nida/ros2_humble/install/tracetools_launch:/home/nida/ros2_humble/install/topic_monitor:/home/nida/ros2_humble/install/tf2_tools:/home/nida/ros2_humble/install/examples_tf2_py:/home/nida/ros2_humble/install/tf2_ros_py:/home/nida/ros2_humble/install/sros2:/home/nida/ros2_humble/install/rqt_topic:/home/nida/ros2_humble/install/rqt_srv:/home/nida/ros2_humble/install/rqt_shell:/home/nida/ros2_humble/install/rqt_service_caller:/home/nida/ros2_humble/install/rqt_reconfigure:/home/nida/ros2_humble/install/rqt_py_console:/home/nida/ros2_humble/install/rqt_publisher:/home/nida/ros2_humble/install/rqt_plot:/home/nida/ros2_humble/install/rqt_action:/home/nida/ros2_humble/install/rqt_msg:/home/nida/ros2_humble/install/rqt_console:/home/nida/ros2_humble/install/rqt:/home/nida/ros2_humble/install/rqt_graph:/home/nida/ros2_humble/install/rqt_gui_py:/home/nida/ros2_humble/install/rqt_gui:/home/nida/ros2_humble/install/ros2trace:/home/nida/ros2_humble/install/ros2topic:/home/nida/ros2_humble/install/ros2test:/home/nida/ros2_humble/install/ros2component:/home/nida/ros2_humble/install/ros2param:/home/nida/ros2_humble/install/ros2lifecycle:/home/nida/ros2_humble/install/ros2service:/home/nida/ros2_humble/install/ros2run:/home/nida/ros2_humble/install/ros2launch:/home/nida/ros2_humble/install/ros2pkg:/home/nida/ros2_humble/install/ros2node:/home/nida/ros2_humble/install/ros2multicast:/home/nida/ros2_humble/install/ros2interface:/home/nida/ros2_humble/install/ros2doctor:/home/nida/ros2_humble/install/ros2action:/home/nida/ros2_humble/install/ros2cli:/home/nida/ros2_humble/install/quality_of_service_demo_py:/home/nida/ros2_humble/install/lifecycle_py:/home/nida/ros2_humble/install/launch_testing_ros:/home/nida/ros2_humble/install/launch_ros:/home/nida/ros2_humble/install/examples_rclpy_pointcloud_publisher:/home/nida/ros2_humble/install/examples_rclpy_minimal_subscriber:/home/nida/ros2_humble/install/examples_rclpy_minimal_service:/home/nida/ros2_humble/install/examples_rclpy_minimal_publisher:/home/nida/ros2_humble/install/examples_rclpy_minimal_client:/home/nida/ros2_humble/install/examples_rclpy_minimal_action_server:/home/nida/ros2_humble/install/examples_rclpy_minimal_action_client:/home/nida/ros2_humble/install/examples_rclpy_guard_conditions:/home/nida/ros2_humble/install/examples_rclpy_executors:/home/nida/ros2_humble/install/demo_nodes_py:/home/nida/ros2_humble/install/action_tutorials_py:/home/nida/ros2_humble/install/ament_uncrustify:/home/nida/ros2_humble/install/tracetools_trace:/home/nida/ros2_humble/install/tracetools_read:/home/nida/ros2_humble/install/test_tracetools_launch:/home/nida/ros2_humble/install/test_launch_ros:/home/nida/ros2_humble/install/sensor_msgs_py:/home/nida/ros2_humble/install/rpyutils:/home/nida/ros2_humble/install/rosidl_runtime_py:/home/nida/ros2_humble/install/rosidl_cli:/home/nida/ros2_humble/install/launch_pytest:/home/nida/ros2_humble/install/launch_testing:/home/nida/ros2_humble/install/launch_yaml:/home/nida/ros2_humble/install/launch_xml:/home/nida/ros2_humble/install/launch:/home/nida/ros2_humble/install/osrf_pycommon:/home/nida/ros2_humble/install/launch_testing_examples:/home/nida/ros2_humble/install/domain_coordinator:/home/nida/ros2_humble/install/ament_xmllint:/home/nida/ros2_humble/install/ament_pyflakes:/home/nida/ros2_humble/install/ament_pycodestyle:/home/nida/ros2_humble/install/ament_pep257:/home/nida/ros2_humble/install/ament_pclint:/home/nida/ros2_humble/install/ament_package:/home/nida/ros2_humble/install/ament_mypy:/home/nida/ros2_humble/install/ament_lint_cmake:/home/nida/ros2_humble/install/ament_flake8:/home/nida/ros2_humble/install/ament_copyright:/home/nida/ros2_humble/install/ament_lint:/home/nida/ros2_humble/install/ament_index_python:/home/nida/ros2_humble/install/ament_cpplint:/home/nida/ros2_humble/install/ament_cppcheck:/home/nida/ros2_humble/install/ament_clang_tidy:/home/nida/ros2_humble/install/ament_clang_format:/opt/ros/humble /home/nida/.local/bin/cmake --build /home/nida/Desktop/qml_ws/build/qml_pkg -- -j8 -l8
[0.179s] [ 50%] [32mBuilding CXX object CMakeFiles/main.dir/src/main.cpp.o[0m
[0.393s] [01m[K/home/nida/Desktop/qml_ws/src/qml_pkg/src/main.cpp:78:1:[m[K [01;31m[Kerror: [m[Kmacro "Q_ARG" requires 2 arguments, but only 1 given
[0.393s]    78 | [01;31m[K)[m[K);
[0.393s]       | [01;31m[K^[m[K
[0.394s] In file included from [01m[K/home/nida/Qt/6.6.3/gcc_64/include/QtCore/qcoreevent.h:9[m[K,
[0.394s]                  from [01m[K/home/nida/Qt/6.6.3/gcc_64/include/QtCore/qcoreapplication.h:10[m[K,
[0.394s]                  from [01m[K/home/nida/Qt/6.6.3/gcc_64/include/QtGui/qguiapplication.h:8[m[K,
[0.394s]                  from [01m[K/home/nida/Qt/6.6.3/gcc_64/include/QtGui/QGuiApplication:1[m[K,
[0.394s]                  from [01m[K/home/nida/Desktop/qml_ws/src/qml_pkg/src/main.cpp:1[m[K:
[0.394s] [01m[K/home/nida/Qt/6.6.3/gcc_64/include/QtCore/qobjectdefs.h:62:[m[K [01;36m[Knote: [m[Kmacro "Q_ARG" defined here
[0.394s]    62 | #define Q_ARG(Type, data)           QtPrivate::Invoke::argument<Type>(QT_STRINGIFY(Type), data)
[0.394s]       | 
[2.419s] [01m[K/home/nida/Desktop/qml_ws/src/qml_pkg/src/main.cpp:[m[K In function â€˜[01m[Kint main(int, char**)[m[Kâ€™:
[2.419s] [01m[K/home/nida/Desktop/qml_ws/src/qml_pkg/src/main.cpp:73:54:[m[K [01;31m[Kerror: [m[Kâ€˜[01m[Kvoid SliderSubscriber::topicCallback(std_msgs::msg::Int32_<std::allocator<void> >::SharedPtr)[m[Kâ€™ is private within this context
[2.419s]    73 |     QObject::connect(&subscriber, &SliderSubscriber::[01;31m[KtopicCallback[m[K,
[2.419s]       |                                                      [01;31m[K^~~~~~~~~~~~~[m[K
[2.419s] [01m[K/home/nida/Desktop/qml_ws/src/qml_pkg/src/main.cpp:35:10:[m[K [01;36m[Knote: [m[Kdeclared private here
[2.419s]    35 |     void [01;36m[KtopicCallback[m[K(const std_msgs::msg::Int32::SharedPtr msg) {
[2.419s]       |          [01;36m[K^~~~~~~~~~~~~[m[K
[2.419s] [01m[K/home/nida/Desktop/qml_ws/src/qml_pkg/src/main.cpp:74:41:[m[K [01;31m[Kerror: [m[Kâ€˜[01m[Ksubscriber[m[Kâ€™ is not a type
[2.419s]    74 |                      qmlRoot, [qmlRoot]([01;31m[Ksubscriber[m[K.stored_value_
[2.419s]       |                                         [01;31m[K^~~~~~~~~~[m[K
[2.419s] [01m[K/home/nida/Desktop/qml_ws/src/qml_pkg/src/main.cpp:74:51:[m[K [01;31m[Kerror: [m[Kexpected â€˜[01m[K,[m[Kâ€™ or â€˜[01m[K...[m[Kâ€™ before â€˜[01m[K.[m[Kâ€™ token
[2.419s]    74 |                      qmlRoot, [qmlRoot](subscriber[01;31m[K.[m[Kstored_value_
[2.419s]       |                                                   [01;31m[K^[m[K
[2.424s] [01m[K/home/nida/Desktop/qml_ws/src/qml_pkg/src/main.cpp:[m[K In lambda function:
[2.424s] [01m[K/home/nida/Desktop/qml_ws/src/qml_pkg/src/main.cpp:77:35:[m[K [01;31m[Kerror: [m[Kâ€˜[01m[KQ_ARG[m[Kâ€™ was not declared in this scope
[2.424s]    77 |                                   [01;31m[KQ_ARG[m[K(subscriber.stored_value_
[2.424s]       |                                   [01;31m[K^~~~~[m[K
[2.516s] In file included from [01m[K/home/nida/Qt/6.6.3/gcc_64/include/QtCore/qobjectdefs.h:13[m[K,
[2.516s]                  from [01m[K/home/nida/Qt/6.6.3/gcc_64/include/QtCore/qcoreevent.h:9[m[K,
[2.516s]                  from [01m[K/home/nida/Qt/6.6.3/gcc_64/include/QtCore/qcoreapplication.h:10[m[K,
[2.516s]                  from [01m[K/home/nida/Qt/6.6.3/gcc_64/include/QtGui/qguiapplication.h:8[m[K,
[2.516s]                  from [01m[K/home/nida/Qt/6.6.3/gcc_64/include/QtGui/QGuiApplication:1[m[K,
[2.516s]                  from [01m[K/home/nida/Desktop/qml_ws/src/qml_pkg/src/main.cpp:1[m[K:
[2.516s] /home/nida/Qt/6.6.3/gcc_64/include/QtCore/qobjectdefs_impl.h: In instantiation of â€˜[01m[Kstruct QtPrivate::FunctorReturnType<main(int, char**)::<lambda(int)>, QtPrivate::List<> >[m[Kâ€™:
[2.517s] [01m[K/home/nida/Qt/6.6.3/gcc_64/include/QtCore/qobject.h:212:176:[m[K   required from â€˜[01m[Kstatic QMetaObject::Connection QObject::connect(const typename QtPrivate::FunctionPointer<Prototype>::Object*, Func1, const typename QtPrivate::ContextTypeForFunctor<Func2>::ContextType*, Func2&&, Qt::ConnectionType) [with Func1 = void (SliderSubscriber::*)(std::shared_ptr<std_msgs::msg::Int32_<std::allocator<void> > >); Func2 = main(int, char**)::<lambda(int)>; typename QtPrivate::FunctionPointer<Prototype>::Object = SliderSubscriber; typename QtPrivate::ContextTypeForFunctor<Func2>::ContextType = QObject][m[Kâ€™
[2.517s] [01m[K/home/nida/Desktop/qml_ws/src/qml_pkg/src/main.cpp:73:21:[m[K   required from here
[2.517s] [01m[K/home/nida/Qt/6.6.3/gcc_64/include/QtCore/qobjectdefs_impl.h:332:60:[m[K [01;31m[Kerror: [m[Kno matching function for call to â€˜[01m[Kmain(int, char**)::<lambda(int)>::operator()()[m[Kâ€™
[2.517s]   332 |         typedef decltype([01;31m[Kstd::declval<Functor>().operator()((std::declval<ArgList>())...)[m[K) Value;
[2.517s]       |                          [01;31m[K~~~~~~~~~~~~~~~~~~~~~~~~~~~~~~~~~~^~~~~~~~~~~~~~~~~~~~~~~~~~~~~~[m[K
[2.517s] [01m[K/home/nida/Desktop/qml_ws/src/qml_pkg/src/main.cpp:74:31:[m[K [01;36m[Knote: [m[Kcandidate: â€˜[01m[Kmain(int, char**)::<lambda(int)>[m[Kâ€™
[2.517s]    74 |                      qmlRoot, [01;36m[K[[m[KqmlRoot](subscriber.stored_value_
[2.517s]       |                               [01;36m[K^[m[K
[2.517s] [01m[K/home/nida/Desktop/qml_ws/src/qml_pkg/src/main.cpp:74:31:[m[K [01;36m[Knote: [m[K  candidate expects 1 argument, 0 provided
[2.517s] In file included from [01m[K/home/nida/Qt/6.6.3/gcc_64/include/QtCore/qcoreevent.h:9[m[K,
[2.517s]                  from [01m[K/home/nida/Qt/6.6.3/gcc_64/include/QtCore/qcoreapplication.h:10[m[K,
[2.517s]                  from [01m[K/home/nida/Qt/6.6.3/gcc_64/include/QtGui/qguiapplication.h:8[m[K,
[2.517s]                  from [01m[K/home/nida/Qt/6.6.3/gcc_64/include/QtGui/QGuiApplication:1[m[K,
[2.517s]                  from [01m[K/home/nida/Desktop/qml_ws/src/qml_pkg/src/main.cpp:1[m[K:
[2.517s] /home/nida/Qt/6.6.3/gcc_64/include/QtCore/qobjectdefs.h: In instantiation of â€˜[01m[Kstruct QtPrivate::HasQ_OBJECT_Macro<SliderSubscriber>[m[Kâ€™:
[2.517s] [01m[K/home/nida/Qt/6.6.3/gcc_64/include/QtCore/qobject.h:218:82:[m[K   required from â€˜[01m[Kstatic QMetaObject::Connection QObject::connect(const typename QtPrivate::FunctionPointer<Prototype>::Object*, Func1, const typename QtPrivate::ContextTypeForFunctor<Func2>::ContextType*, Func2&&, Qt::ConnectionType) [with Func1 = void (SliderSubscriber::*)(std::shared_ptr<std_msgs::msg::Int32_<std::allocator<void> > >); Func2 = main(int, char**)::<lambda(int)>; typename QtPrivate::FunctionPointer<Prototype>::Object = SliderSubscriber; typename QtPrivate::ContextTypeForFunctor<Func2>::ContextType = QObject][m[Kâ€™
[2.518s] [01m[K/home/nida/Desktop/qml_ws/src/qml_pkg/src/main.cpp:73:21:[m[K   required from here
[2.518s] [01m[K/home/nida/Qt/6.6.3/gcc_64/include/QtCore/qobjectdefs.h:576:37:[m[K [01;31m[Kerror: [m[Kâ€˜[01m[Kqt_metacall[m[Kâ€™ is not a member of â€˜[01m[KSliderSubscriber[m[Kâ€™
[2.518s]   576 |         enum { Value =  sizeof(test([01;31m[K&Object::qt_metacall[m[K)) == sizeof(int) };
[2.518s]       |                                     [01;31m[K^~~~~~~~~~~~~~~~~~~~[m[K
[2.518s] In file included from [01m[K/home/nida/Qt/6.6.3/gcc_64/include/QtCore/qeventloop.h:7[m[K,
[2.518s]                  from [01m[K/home/nida/Qt/6.6.3/gcc_64/include/QtCore/qcoreapplication.h:11[m[K,
[2.518s]                  from [01m[K/home/nida/Qt/6.6.3/gcc_64/include/QtGui/qguiapplication.h:8[m[K,
[2.518s]                  from [01m[K/home/nida/Qt/6.6.3/gcc_64/include/QtGui/QGuiApplication:1[m[K,
[2.518s]                  from [01m[K/home/nida/Desktop/qml_ws/src/qml_pkg/src/main.cpp:1[m[K:
[2.518s] /home/nida/Qt/6.6.3/gcc_64/include/QtCore/qobject.h: In instantiation of â€˜[01m[Kstatic QMetaObject::Connection QObject::connect(const typename QtPrivate::FunctionPointer<Prototype>::Object*, Func1, const typename QtPrivate::ContextTypeForFunctor<Func2>::ContextType*, Func2&&, Qt::ConnectionType) [with Func1 = void (SliderSubscriber::*)(std::shared_ptr<std_msgs::msg::Int32_<std::allocator<void> > >); Func2 = main(int, char**)::<lambda(int)>; typename QtPrivate::FunctionPointer<Prototype>::Object = SliderSubscriber; typename QtPrivate::ContextTypeForFunctor<Func2>::ContextType = QObject][m[Kâ€™:
[2.518s] [01m[K/home/nida/Desktop/qml_ws/src/qml_pkg/src/main.cpp:73:21:[m[K   required from here
[2.518s] [01m[K/home/nida/Qt/6.6.3/gcc_64/include/QtCore/qobject.h:218:82:[m[K [01;31m[Kerror: [m[Kstatic assertion failed: No Q_OBJECT in the class with the signal
[2.518s]   218 |         static_assert(QtPrivate::HasQ_OBJECT_Macro<typename SignalType::Object>::[01;31m[KValue[m[K,
[2.518s]       |                                                                                  [01;31m[K^~~~~[m[K
[2.518s] [01m[K/home/nida/Qt/6.6.3/gcc_64/include/QtCore/qobject.h:218:82:[m[K [01;36m[Knote: [m[Kâ€˜[01m[KQtPrivate::HasQ_OBJECT_Macro<SliderSubscriber>::Value[m[Kâ€™ evaluates to false
[2.518s] [01m[K/home/nida/Qt/6.6.3/gcc_64/include/QtCore/qobject.h:239:64:[m[K [01;31m[Kerror: [m[Kno matching function for call to â€˜[01m[KmakeCallableObject<void (SliderSubscriber::*)(std::shared_ptr<std_msgs::msg::Int32_<std::allocator<void> > >)>(main(int, char**)::<lambda(int)>)[m[Kâ€™
[2.518s]   239 |                            [01;31m[KQtPrivate::makeCallableObject<Func1>(std::forward<Func2>(slot))[m[K,
[2.518s]       |                            [01;31m[K~~~~~~~~~~~~~~~~~~~~~~~~~~~~~~~~~~~~^~~~~~~~~~~~~~~~~~~~~~~~~~~[m[K
[2.518s] In file included from [01m[K/home/nida/Qt/6.6.3/gcc_64/include/QtCore/qobjectdefs.h:13[m[K,
[2.518s]                  from [01m[K/home/nida/Qt/6.6.3/gcc_64/include/QtCore/qcoreevent.h:9[m[K,
[2.518s]                  from [01m[K/home/nida/Qt/6.6.3/gcc_64/include/QtCore/qcoreapplication.h:10[m[K,
[2.518s]                  from [01m[K/home/nida/Qt/6.6.3/gcc_64/include/QtGui/qguiapplication.h:8[m[K,
[2.518s]                  from [01m[K/home/nida/Qt/6.6.3/gcc_64/include/QtGui/QGuiApplication:1[m[K,
[2.518s]                  from [01m[K/home/nida/Desktop/qml_ws/src/qml_pkg/src/main.cpp:1[m[K:
[2.518s] [01m[K/home/nida/Qt/6.6.3/gcc_64/include/QtCore/qobjectdefs_impl.h:579:5:[m[K [01;36m[Knote: [m[Kcandidate: â€˜[01m[Ktemplate<class Prototype, class Functor> constexpr std::enable_if_t<(countMatchingArguments<Prototype, Functor>() >= 0), QtPrivate::QSlotObjectBase*> QtPrivate::makeCallableObject(Functor&&)[m[Kâ€™
[2.518s]   579 |     [01;36m[KmakeCallableObject[m[K(Functor &&func)
[2.518s]       |     [01;36m[K^~~~~~~~~~~~~~~~~~[m[K
[2.518s] [01m[K/home/nida/Qt/6.6.3/gcc_64/include/QtCore/qobjectdefs_impl.h:579:5:[m[K [01;36m[Knote: [m[K  template argument deduction/substitution failed:
[2.519s] In file included from [01m[K/home/nida/Qt/6.6.3/gcc_64/include/QtCore/qglobal.h:13[m[K,
[2.519s]                  from [01m[K/home/nida/Qt/6.6.3/gcc_64/include/QtGui/qtguiglobal.h:7[m[K,
[2.519s]                  from [01m[K/home/nida/Qt/6.6.3/gcc_64/include/QtGui/qguiapplication.h:7[m[K,
[2.519s]                  from [01m[K/home/nida/Qt/6.6.3/gcc_64/include/QtGui/QGuiApplication:1[m[K,
[2.519s]                  from [01m[K/home/nida/Desktop/qml_ws/src/qml_pkg/src/main.cpp:1[m[K:
[2.519s] /usr/include/c++/11/type_traits: In substitution of â€˜[01m[Ktemplate<bool _Cond, class _Tp> using enable_if_t = typename std::enable_if::type [with bool _Cond = false; _Tp = QtPrivate::QSlotObjectBase*][m[Kâ€™:
[2.519s] [01m[K/home/nida/Qt/6.6.3/gcc_64/include/QtCore/qobjectdefs_impl.h:579:5:[m[K   required by substitution of â€˜[01m[Ktemplate<class Prototype, class Functor> constexpr std::enable_if_t<(countMatchingArguments<Prototype, Functor>() >= 0), QtPrivate::QSlotObjectBase*> QtPrivate::makeCallableObject(Functor&&) [with Prototype = void (SliderSubscriber::*)(std::shared_ptr<std_msgs::msg::Int32_<std::allocator<void> > >); Functor = main(int, char**)::<lambda(int)>][m[Kâ€™
[2.519s] [01m[K/home/nida/Qt/6.6.3/gcc_64/include/QtCore/qobject.h:239:64:[m[K   required from â€˜[01m[Kstatic QMetaObject::Connection QObject::connect(const typename QtPrivate::FunctionPointer<Prototype>::Object*, Func1, const typename QtPrivate::ContextTypeForFunctor<Func2>::ContextType*, Func2&&, Qt::ConnectionType) [with Func1 = void (SliderSubscriber::*)(std::shared_ptr<std_msgs::msg::Int32_<std::allocator<void> > >); Func2 = main(int, char**)::<lambda(int)>; typename QtPrivate::FunctionPointer<Prototype>::Object = SliderSubscriber; typename QtPrivate::ContextTypeForFunctor<Func2>::ContextType = QObject][m[Kâ€™
[2.519s] [01m[K/home/nida/Desktop/qml_ws/src/qml_pkg/src/main.cpp:73:21:[m[K   required from here
[2.519s] [01m[K/usr/include/c++/11/type_traits:2579:11:[m[K [01;31m[Kerror: [m[Kno type named â€˜[01m[Ktype[m[Kâ€™ in â€˜[01m[Kstruct std::enable_if<false, QtPrivate::QSlotObjectBase*>[m[Kâ€™
[2.519s]  2579 |     using [01;31m[Kenable_if_t[m[K = typename enable_if<_Cond, _Tp>::type;
[2.519s]       |           [01;31m[K^~~~~~~~~~~[m[K
[2.519s] In file included from [01m[K/home/nida/Qt/6.6.3/gcc_64/include/QtCore/qeventloop.h:7[m[K,
[2.519s]                  from [01m[K/home/nida/Qt/6.6.3/gcc_64/include/QtCore/qcoreapplication.h:11[m[K,
[2.519s]                  from [01m[K/home/nida/Qt/6.6.3/gcc_64/include/QtGui/qguiapplication.h:8[m[K,
[2.519s]                  from [01m[K/home/nida/Qt/6.6.3/gcc_64/include/QtGui/QGuiApplication:1[m[K,
[2.519s]                  from [01m[K/home/nida/Desktop/qml_ws/src/qml_pkg/src/main.cpp:1[m[K:
[2.519s] /home/nida/Qt/6.6.3/gcc_64/include/QtCore/qobject.h: In instantiation of â€˜[01m[Kstatic QMetaObject::Connection QObject::connect(const typename QtPrivate::FunctionPointer<Prototype>::Object*, Func1, const typename QtPrivate::ContextTypeForFunctor<Func2>::ContextType*, Func2&&, Qt::ConnectionType) [with Func1 = void (SliderSubscriber::*)(std::shared_ptr<std_msgs::msg::Int32_<std::allocator<void> > >); Func2 = main(int, char**)::<lambda(int)>; typename QtPrivate::FunctionPointer<Prototype>::Object = SliderSubscriber; typename QtPrivate::ContextTypeForFunctor<Func2>::ContextType = QObject][m[Kâ€™:
[2.519s] [01m[K/home/nida/Desktop/qml_ws/src/qml_pkg/src/main.cpp:73:21:[m[K   required from here
[2.519s] [01m[K/home/nida/Qt/6.6.3/gcc_64/include/QtCore/qobject.h:240:41:[m[K [01;31m[Kerror: [m[Kâ€˜[01m[KstaticMetaObject[m[Kâ€™ is not a member of â€˜[01m[KQtPrivate::FunctionPointer<void (SliderSubscriber::*)(std::shared_ptr<std_msgs::msg::Int32_<std::allocator<void> > >)>::Object[m[Kâ€™ {aka â€˜[01m[KSliderSubscriber[m[Kâ€™}
[2.519s]   240 |                            type, types, [01;31m[K&SignalType::Object::staticMetaObject[m[K);
[2.519s]       |                                         [01;31m[K^~~~~~~~~~~~~~~~~~~~~~~~~~~~~~~~~~~~~[m[K
[3.843s] gmake[2]: *** [CMakeFiles/main.dir/build.make:76: CMakeFiles/main.dir/src/main.cpp.o] Error 1
[3.843s] gmake[1]: *** [CMakeFiles/Makefile2:137: CMakeFiles/main.dir/all] Error 2
[3.843s] gmake: *** [Makefile:146: all] Error 2
[3.848s] Invoked command in '/home/nida/Desktop/qml_ws/build/qml_pkg' returned '2': CMAKE_PREFIX_PATH=${CMAKE_PREFIX_PATH}:/home/nida/Desktop/ROV/task2_ws/install/task2_pkg:/home/nida/ros2_humble/install/rqt_bag_plugins:/home/nida/ros2_humble/install/rqt_bag:/home/nida/ros2_humble/install/ros2bag:/home/nida/ros2_humble/install/tracetools_test:/home/nida/ros2_humble/install/tracetools_launch:/home/nida/ros2_humble/install/topic_monitor:/home/nida/ros2_humble/install/tf2_tools:/home/nida/ros2_humble/install/examples_tf2_py:/home/nida/ros2_humble/install/tf2_ros_py:/home/nida/ros2_humble/install/sros2:/home/nida/ros2_humble/install/rqt_topic:/home/nida/ros2_humble/install/rqt_srv:/home/nida/ros2_humble/install/rqt_shell:/home/nida/ros2_humble/install/rqt_service_caller:/home/nida/ros2_humble/install/rqt_reconfigure:/home/nida/ros2_humble/install/rqt_py_console:/home/nida/ros2_humble/install/rqt_publisher:/home/nida/ros2_humble/install/rqt_plot:/home/nida/ros2_humble/install/rqt_action:/home/nida/ros2_humble/install/rqt_msg:/home/nida/ros2_humble/install/rqt_console:/home/nida/ros2_humble/install/rqt:/home/nida/ros2_humble/install/rqt_graph:/home/nida/ros2_humble/install/rqt_gui_py:/home/nida/ros2_humble/install/rqt_gui:/home/nida/ros2_humble/install/ros2trace:/home/nida/ros2_humble/install/ros2topic:/home/nida/ros2_humble/install/ros2test:/home/nida/ros2_humble/install/ros2component:/home/nida/ros2_humble/install/ros2param:/home/nida/ros2_humble/install/ros2lifecycle:/home/nida/ros2_humble/install/ros2service:/home/nida/ros2_humble/install/ros2run:/home/nida/ros2_humble/install/ros2launch:/home/nida/ros2_humble/install/ros2pkg:/home/nida/ros2_humble/install/ros2node:/home/nida/ros2_humble/install/ros2multicast:/home/nida/ros2_humble/install/ros2interface:/home/nida/ros2_humble/install/ros2doctor:/home/nida/ros2_humble/install/ros2action:/home/nida/ros2_humble/install/ros2cli:/home/nida/ros2_humble/install/quality_of_service_demo_py:/home/nida/ros2_humble/install/lifecycle_py:/home/nida/ros2_humble/install/launch_testing_ros:/home/nida/ros2_humble/install/launch_ros:/home/nida/ros2_humble/install/examples_rclpy_pointcloud_publisher:/home/nida/ros2_humble/install/examples_rclpy_minimal_subscriber:/home/nida/ros2_humble/install/examples_rclpy_minimal_service:/home/nida/ros2_humble/install/examples_rclpy_minimal_publisher:/home/nida/ros2_humble/install/examples_rclpy_minimal_client:/home/nida/ros2_humble/install/examples_rclpy_minimal_action_server:/home/nida/ros2_humble/install/examples_rclpy_minimal_action_client:/home/nida/ros2_humble/install/examples_rclpy_guard_conditions:/home/nida/ros2_humble/install/examples_rclpy_executors:/home/nida/ros2_humble/install/demo_nodes_py:/home/nida/ros2_humble/install/action_tutorials_py:/home/nida/ros2_humble/install/ament_uncrustify:/home/nida/ros2_humble/install/tracetools_trace:/home/nida/ros2_humble/install/tracetools_read:/home/nida/ros2_humble/install/test_tracetools_launch:/home/nida/ros2_humble/install/test_launch_ros:/home/nida/ros2_humble/install/sensor_msgs_py:/home/nida/ros2_humble/install/rpyutils:/home/nida/ros2_humble/install/rosidl_runtime_py:/home/nida/ros2_humble/install/rosidl_cli:/home/nida/ros2_humble/install/launch_pytest:/home/nida/ros2_humble/install/launch_testing:/home/nida/ros2_humble/install/launch_yaml:/home/nida/ros2_humble/install/launch_xml:/home/nida/ros2_humble/install/launch:/home/nida/ros2_humble/install/osrf_pycommon:/home/nida/ros2_humble/install/launch_testing_examples:/home/nida/ros2_humble/install/domain_coordinator:/home/nida/ros2_humble/install/ament_xmllint:/home/nida/ros2_humble/install/ament_pyflakes:/home/nida/ros2_humble/install/ament_pycodestyle:/home/nida/ros2_humble/install/ament_pep257:/home/nida/ros2_humble/install/ament_pclint:/home/nida/ros2_humble/install/ament_package:/home/nida/ros2_humble/install/ament_mypy:/home/nida/ros2_humble/install/ament_lint_cmake:/home/nida/ros2_humble/install/ament_flake8:/home/nida/ros2_humble/install/ament_copyright:/home/nida/ros2_humble/install/ament_lint:/home/nida/ros2_humble/install/ament_index_python:/home/nida/ros2_humble/install/ament_cpplint:/home/nida/ros2_humble/install/ament_cppcheck:/home/nida/ros2_humble/install/ament_clang_tidy:/home/nida/ros2_humble/install/ament_clang_format:/opt/ros/humble /home/nida/.local/bin/cmake --build /home/nida/Desktop/qml_ws/build/qml_pkg -- -j8 -l8
