[0.028s] Invoking command in '/home/nida/Desktop/qml_ws/build/qml_pkg': CMAKE_PREFIX_PATH=${CMAKE_PREFIX_PATH}:/home/nida/Desktop/ROV/task2_ws/install/task2_pkg:/home/nida/ros2_humble/install/rqt_bag_plugins:/home/nida/ros2_humble/install/rqt_bag:/home/nida/ros2_humble/install/ros2bag:/home/nida/ros2_humble/install/tracetools_test:/home/nida/ros2_humble/install/tracetools_launch:/home/nida/ros2_humble/install/topic_monitor:/home/nida/ros2_humble/install/tf2_tools:/home/nida/ros2_humble/install/examples_tf2_py:/home/nida/ros2_humble/install/tf2_ros_py:/home/nida/ros2_humble/install/sros2:/home/nida/ros2_humble/install/rqt_topic:/home/nida/ros2_humble/install/rqt_srv:/home/nida/ros2_humble/install/rqt_shell:/home/nida/ros2_humble/install/rqt_service_caller:/home/nida/ros2_humble/install/rqt_reconfigure:/home/nida/ros2_humble/install/rqt_py_console:/home/nida/ros2_humble/install/rqt_publisher:/home/nida/ros2_humble/install/rqt_plot:/home/nida/ros2_humble/install/rqt_action:/home/nida/ros2_humble/install/rqt_msg:/home/nida/ros2_humble/install/rqt_console:/home/nida/ros2_humble/install/rqt:/home/nida/ros2_humble/install/rqt_graph:/home/nida/ros2_humble/install/rqt_gui_py:/home/nida/ros2_humble/install/rqt_gui:/home/nida/ros2_humble/install/ros2trace:/home/nida/ros2_humble/install/ros2topic:/home/nida/ros2_humble/install/ros2test:/home/nida/ros2_humble/install/ros2component:/home/nida/ros2_humble/install/ros2param:/home/nida/ros2_humble/install/ros2lifecycle:/home/nida/ros2_humble/install/ros2service:/home/nida/ros2_humble/install/ros2run:/home/nida/ros2_humble/install/ros2launch:/home/nida/ros2_humble/install/ros2pkg:/home/nida/ros2_humble/install/ros2node:/home/nida/ros2_humble/install/ros2multicast:/home/nida/ros2_humble/install/ros2interface:/home/nida/ros2_humble/install/ros2doctor:/home/nida/ros2_humble/install/ros2action:/home/nida/ros2_humble/install/ros2cli:/home/nida/ros2_humble/install/quality_of_service_demo_py:/home/nida/ros2_humble/install/lifecycle_py:/home/nida/ros2_humble/install/launch_testing_ros:/home/nida/ros2_humble/install/launch_ros:/home/nida/ros2_humble/install/examples_rclpy_pointcloud_publisher:/home/nida/ros2_humble/install/examples_rclpy_minimal_subscriber:/home/nida/ros2_humble/install/examples_rclpy_minimal_service:/home/nida/ros2_humble/install/examples_rclpy_minimal_publisher:/home/nida/ros2_humble/install/examples_rclpy_minimal_client:/home/nida/ros2_humble/install/examples_rclpy_minimal_action_server:/home/nida/ros2_humble/install/examples_rclpy_minimal_action_client:/home/nida/ros2_humble/install/examples_rclpy_guard_conditions:/home/nida/ros2_humble/install/examples_rclpy_executors:/home/nida/ros2_humble/install/demo_nodes_py:/home/nida/ros2_humble/install/action_tutorials_py:/home/nida/ros2_humble/install/ament_uncrustify:/home/nida/ros2_humble/install/tracetools_trace:/home/nida/ros2_humble/install/tracetools_read:/home/nida/ros2_humble/install/test_tracetools_launch:/home/nida/ros2_humble/install/test_launch_ros:/home/nida/ros2_humble/install/sensor_msgs_py:/home/nida/ros2_humble/install/rpyutils:/home/nida/ros2_humble/install/rosidl_runtime_py:/home/nida/ros2_humble/install/rosidl_cli:/home/nida/ros2_humble/install/launch_pytest:/home/nida/ros2_humble/install/launch_testing:/home/nida/ros2_humble/install/launch_yaml:/home/nida/ros2_humble/install/launch_xml:/home/nida/ros2_humble/install/launch:/home/nida/ros2_humble/install/osrf_pycommon:/home/nida/ros2_humble/install/launch_testing_examples:/home/nida/ros2_humble/install/domain_coordinator:/home/nida/ros2_humble/install/ament_xmllint:/home/nida/ros2_humble/install/ament_pyflakes:/home/nida/ros2_humble/install/ament_pycodestyle:/home/nida/ros2_humble/install/ament_pep257:/home/nida/ros2_humble/install/ament_pclint:/home/nida/ros2_humble/install/ament_package:/home/nida/ros2_humble/install/ament_mypy:/home/nida/ros2_humble/install/ament_lint_cmake:/home/nida/ros2_humble/install/ament_flake8:/home/nida/ros2_humble/install/ament_copyright:/home/nida/ros2_humble/install/ament_lint:/home/nida/ros2_humble/install/ament_index_python:/home/nida/ros2_humble/install/ament_cpplint:/home/nida/ros2_humble/install/ament_cppcheck:/home/nida/ros2_humble/install/ament_clang_tidy:/home/nida/ros2_humble/install/ament_clang_format:/opt/ros/humble /home/nida/.local/bin/cmake --build /home/nida/Desktop/qml_ws/build/qml_pkg -- -j8 -l8
[0.160s] [ 50%] Built target deneme
[0.164s] [ 75%] [32mBuilding CXX object CMakeFiles/main.dir/src/main.cpp.o[0m
[2.078s] [01m[K/home/nida/Desktop/qml_ws/src/qml_pkg/src/main.cpp:16:16:[m[K [01;31m[Kerror: [m[Kâ€˜[01m[KString[m[Kâ€™ in namespace â€˜[01m[Kstd_msgs::msg[m[Kâ€™ does not name a type
[2.078s]    16 | std_msgs::msg::[01;31m[KString[m[K SLIDER;
[2.078s]       |                [01;31m[K^~~~~~[m[K
[2.081s] [01m[K/home/nida/Desktop/qml_ws/src/qml_pkg/src/main.cpp:[m[K In function â€˜[01m[Kvoid update_slider(QObject*)[m[Kâ€™:
[2.081s] [01m[K/home/nida/Desktop/qml_ws/src/qml_pkg/src/main.cpp:24:51:[m[K [01;31m[Kerror: [m[Kâ€˜[01m[KSLIDER[m[Kâ€™ was not declared in this scope
[2.081s]    24 |         obj->setProperty("value", QString::number([01;31m[KSLIDER[m[K.data));
[2.081s]       |                                                   [01;31m[K^~~~~~[m[K
[2.082s] [01m[K/home/nida/Desktop/qml_ws/src/qml_pkg/src/main.cpp:[m[K At global scope:
[2.082s] [01m[K/home/nida/Desktop/qml_ws/src/qml_pkg/src/main.cpp:33:41:[m[K [01;31m[Kerror: [m[Kâ€˜[01m[KString[m[Kâ€™ in namespace â€˜[01m[Kstd_msgs::msg[m[Kâ€™ does not name a type
[2.082s]    33 | void manage_slider(const std_msgs::msg::[01;31m[KString[m[K::SharedPtr msg) {
[2.082s]       |                                         [01;31m[K^~~~~~[m[K
[2.082s] [01m[K/home/nida/Desktop/qml_ws/src/qml_pkg/src/main.cpp:33:59:[m[K [01;31m[Kerror: [m[Kexpected unqualified-id before â€˜[01m[Kmsg[m[Kâ€™
[2.082s]    33 | void manage_slider(const std_msgs::msg::String::SharedPtr [01;31m[Kmsg[m[K) {
[2.082s]       |                                                           [01;31m[K^~~[m[K
[2.082s] [01m[K/home/nida/Desktop/qml_ws/src/qml_pkg/src/main.cpp:33:58:[m[K [01;31m[Kerror: [m[Kexpected â€˜[01m[K)[m[Kâ€™ before â€˜[01m[Kmsg[m[Kâ€™
[2.082s]    33 | void manage_slider[34m[K([m[Kconst std_msgs::msg::String::SharedPtr[01;31m[K [m[K[32m[Kmsg[m[K) {
[2.082s]       |                   [34m[K~[m[K                                      [01;31m[K^[m[K[32m[K~~~[m[K
[2.082s]       |                                                          [32m[K)[m[K
[2.082s] [01m[K/home/nida/Desktop/qml_ws/src/qml_pkg/src/main.cpp:33:59:[m[K [01;31m[Kerror: [m[Kexpected initializer before â€˜[01m[Kmsg[m[Kâ€™
[2.082s]    33 | void manage_slider(const std_msgs::msg::String::SharedPtr [01;31m[Kmsg[m[K) {
[2.082s]       |                                                           [01;31m[K^~~[m[K
[2.082s] [01m[K/home/nida/Desktop/qml_ws/src/qml_pkg/src/main.cpp:[m[K In function â€˜[01m[Kint main(int, char**)[m[Kâ€™:
[2.082s] [01m[K/home/nida/Desktop/qml_ws/src/qml_pkg/src/main.cpp:42:64:[m[K [01;31m[Kerror: [m[Kâ€˜[01m[KString[m[Kâ€™ is not a member of â€˜[01m[Kstd_msgs::msg[m[Kâ€™
[2.083s]    42 |     auto subscriber = node->create_subscription<std_msgs::msg::[01;31m[KString[m[K>(
[2.083s]       |                                                                [01;31m[K^~~~~~[m[K
[2.086s] [01m[K/home/nida/Desktop/qml_ws/src/qml_pkg/src/main.cpp:43:29:[m[K [01;31m[Kerror: [m[Kâ€˜[01m[Kmanage_slider[m[Kâ€™ was not declared in this scope; did you mean â€˜[01m[Kupdate_slider[m[Kâ€™?
[2.087s]    43 |         "slider_topic", 10, [01;31m[Kmanage_slider[m[K);
[2.087s]       |                             [01;31m[K^~~~~~~~~~~~~[m[K
[2.087s]       |                             [32m[Kupdate_slider[m[K
[2.093s] [01m[K/home/nida/Desktop/qml_ws/src/qml_pkg/src/main.cpp:[m[K In lambda function:
[2.093s] [01m[K/home/nida/Desktop/qml_ws/src/qml_pkg/src/main.cpp:62:35:[m[K [01;31m[Kerror: [m[Kâ€˜[01m[KSLIDER[m[Kâ€™ was not declared in this scope
[2.093s]    62 |         std::cout << "Value: " << [01;31m[KSLIDER[m[K.data << '\n';
[2.093s]       |                                   [01;31m[K^~~~~~[m[K
[2.691s] gmake[2]: *** [CMakeFiles/main.dir/build.make:76: CMakeFiles/main.dir/src/main.cpp.o] Error 1
[2.691s] gmake[1]: *** [CMakeFiles/Makefile2:139: CMakeFiles/main.dir/all] Error 2
[2.691s] gmake: *** [Makefile:146: all] Error 2
[2.696s] Invoked command in '/home/nida/Desktop/qml_ws/build/qml_pkg' returned '2': CMAKE_PREFIX_PATH=${CMAKE_PREFIX_PATH}:/home/nida/Desktop/ROV/task2_ws/install/task2_pkg:/home/nida/ros2_humble/install/rqt_bag_plugins:/home/nida/ros2_humble/install/rqt_bag:/home/nida/ros2_humble/install/ros2bag:/home/nida/ros2_humble/install/tracetools_test:/home/nida/ros2_humble/install/tracetools_launch:/home/nida/ros2_humble/install/topic_monitor:/home/nida/ros2_humble/install/tf2_tools:/home/nida/ros2_humble/install/examples_tf2_py:/home/nida/ros2_humble/install/tf2_ros_py:/home/nida/ros2_humble/install/sros2:/home/nida/ros2_humble/install/rqt_topic:/home/nida/ros2_humble/install/rqt_srv:/home/nida/ros2_humble/install/rqt_shell:/home/nida/ros2_humble/install/rqt_service_caller:/home/nida/ros2_humble/install/rqt_reconfigure:/home/nida/ros2_humble/install/rqt_py_console:/home/nida/ros2_humble/install/rqt_publisher:/home/nida/ros2_humble/install/rqt_plot:/home/nida/ros2_humble/install/rqt_action:/home/nida/ros2_humble/install/rqt_msg:/home/nida/ros2_humble/install/rqt_console:/home/nida/ros2_humble/install/rqt:/home/nida/ros2_humble/install/rqt_graph:/home/nida/ros2_humble/install/rqt_gui_py:/home/nida/ros2_humble/install/rqt_gui:/home/nida/ros2_humble/install/ros2trace:/home/nida/ros2_humble/install/ros2topic:/home/nida/ros2_humble/install/ros2test:/home/nida/ros2_humble/install/ros2component:/home/nida/ros2_humble/install/ros2param:/home/nida/ros2_humble/install/ros2lifecycle:/home/nida/ros2_humble/install/ros2service:/home/nida/ros2_humble/install/ros2run:/home/nida/ros2_humble/install/ros2launch:/home/nida/ros2_humble/install/ros2pkg:/home/nida/ros2_humble/install/ros2node:/home/nida/ros2_humble/install/ros2multicast:/home/nida/ros2_humble/install/ros2interface:/home/nida/ros2_humble/install/ros2doctor:/home/nida/ros2_humble/install/ros2action:/home/nida/ros2_humble/install/ros2cli:/home/nida/ros2_humble/install/quality_of_service_demo_py:/home/nida/ros2_humble/install/lifecycle_py:/home/nida/ros2_humble/install/launch_testing_ros:/home/nida/ros2_humble/install/launch_ros:/home/nida/ros2_humble/install/examples_rclpy_pointcloud_publisher:/home/nida/ros2_humble/install/examples_rclpy_minimal_subscriber:/home/nida/ros2_humble/install/examples_rclpy_minimal_service:/home/nida/ros2_humble/install/examples_rclpy_minimal_publisher:/home/nida/ros2_humble/install/examples_rclpy_minimal_client:/home/nida/ros2_humble/install/examples_rclpy_minimal_action_server:/home/nida/ros2_humble/install/examples_rclpy_minimal_action_client:/home/nida/ros2_humble/install/examples_rclpy_guard_conditions:/home/nida/ros2_humble/install/examples_rclpy_executors:/home/nida/ros2_humble/install/demo_nodes_py:/home/nida/ros2_humble/install/action_tutorials_py:/home/nida/ros2_humble/install/ament_uncrustify:/home/nida/ros2_humble/install/tracetools_trace:/home/nida/ros2_humble/install/tracetools_read:/home/nida/ros2_humble/install/test_tracetools_launch:/home/nida/ros2_humble/install/test_launch_ros:/home/nida/ros2_humble/install/sensor_msgs_py:/home/nida/ros2_humble/install/rpyutils:/home/nida/ros2_humble/install/rosidl_runtime_py:/home/nida/ros2_humble/install/rosidl_cli:/home/nida/ros2_humble/install/launch_pytest:/home/nida/ros2_humble/install/launch_testing:/home/nida/ros2_humble/install/launch_yaml:/home/nida/ros2_humble/install/launch_xml:/home/nida/ros2_humble/install/launch:/home/nida/ros2_humble/install/osrf_pycommon:/home/nida/ros2_humble/install/launch_testing_examples:/home/nida/ros2_humble/install/domain_coordinator:/home/nida/ros2_humble/install/ament_xmllint:/home/nida/ros2_humble/install/ament_pyflakes:/home/nida/ros2_humble/install/ament_pycodestyle:/home/nida/ros2_humble/install/ament_pep257:/home/nida/ros2_humble/install/ament_pclint:/home/nida/ros2_humble/install/ament_package:/home/nida/ros2_humble/install/ament_mypy:/home/nida/ros2_humble/install/ament_lint_cmake:/home/nida/ros2_humble/install/ament_flake8:/home/nida/ros2_humble/install/ament_copyright:/home/nida/ros2_humble/install/ament_lint:/home/nida/ros2_humble/install/ament_index_python:/home/nida/ros2_humble/install/ament_cpplint:/home/nida/ros2_humble/install/ament_cppcheck:/home/nida/ros2_humble/install/ament_clang_tidy:/home/nida/ros2_humble/install/ament_clang_format:/opt/ros/humble /home/nida/.local/bin/cmake --build /home/nida/Desktop/qml_ws/build/qml_pkg -- -j8 -l8
