In file included from [01m[K/home/nida/Desktop/qml_ws/src/qml_pkg/src/publisher_node.cpp:2[m[K:
[01m[K/opt/ros/humble/include/example_interfaces/example_interfaces/msg/string.hpp:7:10:[m[K [01;31m[Kfatal error: [m[Kexample_interfaces/msg/detail/string__struct.hpp: No such file or directory
    7 | #include [01;31m[K"example_interfaces/msg/detail/string__struct.hpp"[m[K
      |          [01;31m[K^~~~~~~~~~~~~~~~~~~~~~~~~~~~~~~~~~~~~~~~~~~~~~~~~~[m[K
compilation terminated.
gmake[2]: *** [CMakeFiles/publisher_node.dir/build.make:76: CMakeFiles/publisher_node.dir/src/publisher_node.cpp.o] Error 1
gmake[1]: *** [CMakeFiles/Makefile2:165: CMakeFiles/publisher_node.dir/all] Error 2
gmake[1]: *** Waiting for unfinished jobs....
[01m[K/home/nida/Desktop/qml_ws/src/qml_pkg/src/main.cpp:[m[K In constructor â€˜[01m[KSubscriberNode::SubscriberNode()[m[Kâ€™:
[01m[K/home/nida/Desktop/qml_ws/src/qml_pkg/src/main.cpp:31:9:[m[K [01;31m[Kerror: [m[Kâ€˜[01m[Kconnect[m[Kâ€™ was not declared in this scope
   31 |         [01;31m[Kconnect[m[K(startButton_, &QPushButton::clicked, this, &SubscriberNode::startButtonClicked);
      |         [01;31m[K^~~~~~~[m[K
gmake[2]: *** [CMakeFiles/main.dir/build.make:76: CMakeFiles/main.dir/src/main.cpp.o] Error 1
gmake[1]: *** [CMakeFiles/Makefile2:139: CMakeFiles/main.dir/all] Error 2
gmake: *** [Makefile:146: all] Error 2
