[0.052s] Invoking command in '/home/nida/Desktop/qml_ws/build/qml_pkg': CMAKE_PREFIX_PATH=${CMAKE_PREFIX_PATH}:/home/nida/Desktop/ROV/task2_ws/install/task2_pkg:/home/nida/ros2_humble/install/rqt_bag_plugins:/home/nida/ros2_humble/install/rqt_bag:/home/nida/ros2_humble/install/ros2bag:/home/nida/ros2_humble/install/tracetools_test:/home/nida/ros2_humble/install/tracetools_launch:/home/nida/ros2_humble/install/topic_monitor:/home/nida/ros2_humble/install/tf2_tools:/home/nida/ros2_humble/install/examples_tf2_py:/home/nida/ros2_humble/install/tf2_ros_py:/home/nida/ros2_humble/install/sros2:/home/nida/ros2_humble/install/rqt_topic:/home/nida/ros2_humble/install/rqt_srv:/home/nida/ros2_humble/install/rqt_shell:/home/nida/ros2_humble/install/rqt_service_caller:/home/nida/ros2_humble/install/rqt_reconfigure:/home/nida/ros2_humble/install/rqt_py_console:/home/nida/ros2_humble/install/rqt_publisher:/home/nida/ros2_humble/install/rqt_plot:/home/nida/ros2_humble/install/rqt_action:/home/nida/ros2_humble/install/rqt_msg:/home/nida/ros2_humble/install/rqt_console:/home/nida/ros2_humble/install/rqt:/home/nida/ros2_humble/install/rqt_graph:/home/nida/ros2_humble/install/rqt_gui_py:/home/nida/ros2_humble/install/rqt_gui:/home/nida/ros2_humble/install/ros2trace:/home/nida/ros2_humble/install/ros2topic:/home/nida/ros2_humble/install/ros2test:/home/nida/ros2_humble/install/ros2component:/home/nida/ros2_humble/install/ros2param:/home/nida/ros2_humble/install/ros2lifecycle:/home/nida/ros2_humble/install/ros2service:/home/nida/ros2_humble/install/ros2run:/home/nida/ros2_humble/install/ros2launch:/home/nida/ros2_humble/install/ros2pkg:/home/nida/ros2_humble/install/ros2node:/home/nida/ros2_humble/install/ros2multicast:/home/nida/ros2_humble/install/ros2interface:/home/nida/ros2_humble/install/ros2doctor:/home/nida/ros2_humble/install/ros2action:/home/nida/ros2_humble/install/ros2cli:/home/nida/ros2_humble/install/quality_of_service_demo_py:/home/nida/ros2_humble/install/lifecycle_py:/home/nida/ros2_humble/install/launch_testing_ros:/home/nida/ros2_humble/install/launch_ros:/home/nida/ros2_humble/install/examples_rclpy_pointcloud_publisher:/home/nida/ros2_humble/install/examples_rclpy_minimal_subscriber:/home/nida/ros2_humble/install/examples_rclpy_minimal_service:/home/nida/ros2_humble/install/examples_rclpy_minimal_publisher:/home/nida/ros2_humble/install/examples_rclpy_minimal_client:/home/nida/ros2_humble/install/examples_rclpy_minimal_action_server:/home/nida/ros2_humble/install/examples_rclpy_minimal_action_client:/home/nida/ros2_humble/install/examples_rclpy_guard_conditions:/home/nida/ros2_humble/install/examples_rclpy_executors:/home/nida/ros2_humble/install/demo_nodes_py:/home/nida/ros2_humble/install/action_tutorials_py:/home/nida/ros2_humble/install/ament_uncrustify:/home/nida/ros2_humble/install/tracetools_trace:/home/nida/ros2_humble/install/tracetools_read:/home/nida/ros2_humble/install/test_tracetools_launch:/home/nida/ros2_humble/install/test_launch_ros:/home/nida/ros2_humble/install/sensor_msgs_py:/home/nida/ros2_humble/install/rpyutils:/home/nida/ros2_humble/install/rosidl_runtime_py:/home/nida/ros2_humble/install/rosidl_cli:/home/nida/ros2_humble/install/launch_pytest:/home/nida/ros2_humble/install/launch_testing:/home/nida/ros2_humble/install/launch_yaml:/home/nida/ros2_humble/install/launch_xml:/home/nida/ros2_humble/install/launch:/home/nida/ros2_humble/install/osrf_pycommon:/home/nida/ros2_humble/install/launch_testing_examples:/home/nida/ros2_humble/install/domain_coordinator:/home/nida/ros2_humble/install/ament_xmllint:/home/nida/ros2_humble/install/ament_pyflakes:/home/nida/ros2_humble/install/ament_pycodestyle:/home/nida/ros2_humble/install/ament_pep257:/home/nida/ros2_humble/install/ament_pclint:/home/nida/ros2_humble/install/ament_package:/home/nida/ros2_humble/install/ament_mypy:/home/nida/ros2_humble/install/ament_lint_cmake:/home/nida/ros2_humble/install/ament_flake8:/home/nida/ros2_humble/install/ament_copyright:/home/nida/ros2_humble/install/ament_lint:/home/nida/ros2_humble/install/ament_index_python:/home/nida/ros2_humble/install/ament_cpplint:/home/nida/ros2_humble/install/ament_cppcheck:/home/nida/ros2_humble/install/ament_clang_tidy:/home/nida/ros2_humble/install/ament_clang_format:/opt/ros/humble /home/nida/.local/bin/cmake --build /home/nida/Desktop/qml_ws/build/qml_pkg -- -j8 -l8
[0.198s] -- Found ament_cmake: 1.3.8 (/home/nida/ros2_humble/install/ament_cmake/share/ament_cmake/cmake)
[0.961s] -- Found rclcpp: 16.0.8 (/opt/ros/humble/share/rclcpp/cmake)
[1.005s] -- Found rosidl_generator_c: 3.1.5 (/opt/ros/humble/share/rosidl_generator_c/cmake)
[1.008s] -- Found rosidl_adapter: 3.1.5 (/opt/ros/humble/share/rosidl_adapter/cmake)
[1.016s] -- Found rosidl_generator_cpp: 3.1.5 (/opt/ros/humble/share/rosidl_generator_cpp/cmake)
[1.062s] -- Using all available rosidl_typesupport_c: rosidl_typesupport_introspection_c;rosidl_typesupport_fastrtps_c
[1.110s] -- Using all available rosidl_typesupport_cpp: rosidl_typesupport_introspection_cpp;rosidl_typesupport_fastrtps_cpp
[1.211s] -- Found rmw_implementation_cmake: 6.1.1 (/opt/ros/humble/share/rmw_implementation_cmake/cmake)
[1.242s] -- Found rmw_fastrtps_cpp: 6.2.6 (/opt/ros/humble/share/rmw_fastrtps_cpp/cmake)
[1.529s] -- Using RMW implementation 'rmw_fastrtps_cpp' as default
[1.723s] -- Found example_interfaces: 0.9.3 (/opt/ros/humble/share/example_interfaces/cmake)
[2.430s] -- Configuring done (2.2s)
[2.449s] -- Generating done (0.0s)
[2.453s] -- Build files have been written to: /home/nida/Desktop/qml_ws/build/qml_pkg
[2.534s] [ 25%] [32mBuilding CXX object CMakeFiles/publisher_node.dir/src/publisher_node.cpp.o[0m
[2.541s] [ 50%] [32mBuilding CXX object CMakeFiles/main.dir/src/main.cpp.o[0m
[2.830s] [01m[K/home/nida/Desktop/qml_ws/src/qml_pkg/src/publisher_node.cpp:2:10:[m[K [01;31m[Kfatal error: [m[Kexample_interfaces/msg/string.hpp: No such file or directory
[2.831s]     2 | #include [01;31m[K"example_interfaces/msg/string.hpp"[m[K  // Fixed header include
[2.831s]       |          [01;31m[K^~~~~~~~~~~~~~~~~~~~~~~~~~~~~~~~~~~[m[K
[2.831s] compilation terminated.
[2.833s] gmake[2]: *** [CMakeFiles/publisher_node.dir/build.make:76: CMakeFiles/publisher_node.dir/src/publisher_node.cpp.o] Error 1
[2.834s] gmake[1]: *** [CMakeFiles/Makefile2:165: CMakeFiles/publisher_node.dir/all] Error 2
[2.834s] gmake[1]: *** Waiting for unfinished jobs....
[5.595s] [01m[K/home/nida/Desktop/qml_ws/src/qml_pkg/src/main.cpp:[m[K In constructor â€˜[01m[KSubscriberNode::SubscriberNode()[m[Kâ€™:
[5.595s] [01m[K/home/nida/Desktop/qml_ws/src/qml_pkg/src/main.cpp:31:9:[m[K [01;31m[Kerror: [m[Kâ€˜[01m[Kconnect[m[Kâ€™ was not declared in this scope
[5.595s]    31 |         [01;31m[Kconnect[m[K(startButton_, &QPushButton::clicked, this, &SubscriberNode::startButtonClicked);
[5.595s]       |         [01;31m[K^~~~~~~[m[K
[7.917s] gmake[2]: *** [CMakeFiles/main.dir/build.make:76: CMakeFiles/main.dir/src/main.cpp.o] Error 1
[7.917s] gmake[1]: *** [CMakeFiles/Makefile2:139: CMakeFiles/main.dir/all] Error 2
[7.918s] gmake: *** [Makefile:146: all] Error 2
[7.924s] Invoked command in '/home/nida/Desktop/qml_ws/build/qml_pkg' returned '2': CMAKE_PREFIX_PATH=${CMAKE_PREFIX_PATH}:/home/nida/Desktop/ROV/task2_ws/install/task2_pkg:/home/nida/ros2_humble/install/rqt_bag_plugins:/home/nida/ros2_humble/install/rqt_bag:/home/nida/ros2_humble/install/ros2bag:/home/nida/ros2_humble/install/tracetools_test:/home/nida/ros2_humble/install/tracetools_launch:/home/nida/ros2_humble/install/topic_monitor:/home/nida/ros2_humble/install/tf2_tools:/home/nida/ros2_humble/install/examples_tf2_py:/home/nida/ros2_humble/install/tf2_ros_py:/home/nida/ros2_humble/install/sros2:/home/nida/ros2_humble/install/rqt_topic:/home/nida/ros2_humble/install/rqt_srv:/home/nida/ros2_humble/install/rqt_shell:/home/nida/ros2_humble/install/rqt_service_caller:/home/nida/ros2_humble/install/rqt_reconfigure:/home/nida/ros2_humble/install/rqt_py_console:/home/nida/ros2_humble/install/rqt_publisher:/home/nida/ros2_humble/install/rqt_plot:/home/nida/ros2_humble/install/rqt_action:/home/nida/ros2_humble/install/rqt_msg:/home/nida/ros2_humble/install/rqt_console:/home/nida/ros2_humble/install/rqt:/home/nida/ros2_humble/install/rqt_graph:/home/nida/ros2_humble/install/rqt_gui_py:/home/nida/ros2_humble/install/rqt_gui:/home/nida/ros2_humble/install/ros2trace:/home/nida/ros2_humble/install/ros2topic:/home/nida/ros2_humble/install/ros2test:/home/nida/ros2_humble/install/ros2component:/home/nida/ros2_humble/install/ros2param:/home/nida/ros2_humble/install/ros2lifecycle:/home/nida/ros2_humble/install/ros2service:/home/nida/ros2_humble/install/ros2run:/home/nida/ros2_humble/install/ros2launch:/home/nida/ros2_humble/install/ros2pkg:/home/nida/ros2_humble/install/ros2node:/home/nida/ros2_humble/install/ros2multicast:/home/nida/ros2_humble/install/ros2interface:/home/nida/ros2_humble/install/ros2doctor:/home/nida/ros2_humble/install/ros2action:/home/nida/ros2_humble/install/ros2cli:/home/nida/ros2_humble/install/quality_of_service_demo_py:/home/nida/ros2_humble/install/lifecycle_py:/home/nida/ros2_humble/install/launch_testing_ros:/home/nida/ros2_humble/install/launch_ros:/home/nida/ros2_humble/install/examples_rclpy_pointcloud_publisher:/home/nida/ros2_humble/install/examples_rclpy_minimal_subscriber:/home/nida/ros2_humble/install/examples_rclpy_minimal_service:/home/nida/ros2_humble/install/examples_rclpy_minimal_publisher:/home/nida/ros2_humble/install/examples_rclpy_minimal_client:/home/nida/ros2_humble/install/examples_rclpy_minimal_action_server:/home/nida/ros2_humble/install/examples_rclpy_minimal_action_client:/home/nida/ros2_humble/install/examples_rclpy_guard_conditions:/home/nida/ros2_humble/install/examples_rclpy_executors:/home/nida/ros2_humble/install/demo_nodes_py:/home/nida/ros2_humble/install/action_tutorials_py:/home/nida/ros2_humble/install/ament_uncrustify:/home/nida/ros2_humble/install/tracetools_trace:/home/nida/ros2_humble/install/tracetools_read:/home/nida/ros2_humble/install/test_tracetools_launch:/home/nida/ros2_humble/install/test_launch_ros:/home/nida/ros2_humble/install/sensor_msgs_py:/home/nida/ros2_humble/install/rpyutils:/home/nida/ros2_humble/install/rosidl_runtime_py:/home/nida/ros2_humble/install/rosidl_cli:/home/nida/ros2_humble/install/launch_pytest:/home/nida/ros2_humble/install/launch_testing:/home/nida/ros2_humble/install/launch_yaml:/home/nida/ros2_humble/install/launch_xml:/home/nida/ros2_humble/install/launch:/home/nida/ros2_humble/install/osrf_pycommon:/home/nida/ros2_humble/install/launch_testing_examples:/home/nida/ros2_humble/install/domain_coordinator:/home/nida/ros2_humble/install/ament_xmllint:/home/nida/ros2_humble/install/ament_pyflakes:/home/nida/ros2_humble/install/ament_pycodestyle:/home/nida/ros2_humble/install/ament_pep257:/home/nida/ros2_humble/install/ament_pclint:/home/nida/ros2_humble/install/ament_package:/home/nida/ros2_humble/install/ament_mypy:/home/nida/ros2_humble/install/ament_lint_cmake:/home/nida/ros2_humble/install/ament_flake8:/home/nida/ros2_humble/install/ament_copyright:/home/nida/ros2_humble/install/ament_lint:/home/nida/ros2_humble/install/ament_index_python:/home/nida/ros2_humble/install/ament_cpplint:/home/nida/ros2_humble/install/ament_cppcheck:/home/nida/ros2_humble/install/ament_clang_tidy:/home/nida/ros2_humble/install/ament_clang_format:/opt/ros/humble /home/nida/.local/bin/cmake --build /home/nida/Desktop/qml_ws/build/qml_pkg -- -j8 -l8
