[01m[K/home/nida/Desktop/qml_ws/src/qml_pkg/src/publisher_node.cpp:[m[K In function â€˜[01m[Kint main(int, char**)[m[Kâ€™:
[01m[K/home/nida/Desktop/qml_ws/src/qml_pkg/src/publisher_node.cpp:12:43:[m[K [01;31m[Kerror: [m[Kâ€˜[01m[Kexample_interfaces[m[Kâ€™ was not declared in this scope; did you mean â€˜[01m[Krcl_interfaces[m[Kâ€™?
   12 |   auto publisher = node->create_publisher<[01;31m[Kexample_interfaces[m[K::msg::String>("num_topic", rclcpp::QoS(10));
      |                                           [01;31m[K^~~~~~~~~~~~~~~~~~[m[K
      |                                           [32m[Krcl_interfaces[m[K
[01m[K/home/nida/Desktop/qml_ws/src/qml_pkg/src/publisher_node.cpp:12:26:[m[K [01;31m[Kerror: [m[Kparse error in template argument list
   12 |   auto publisher = node->[01;31m[Kcreate_publisher<example_interfaces::msg::String>[m[K("num_topic", rclcpp::QoS(10));
      |                          [01;31m[K^~~~~~~~~~~~~~~~~~~~~~~~~~~~~~~~~~~~~~~~~~~~~~~~~[m[K
[01m[K/home/nida/Desktop/qml_ws/src/qml_pkg/src/publisher_node.cpp:12:75:[m[K [01;31m[Kerror: [m[Kno matching function for call to â€˜[01m[Krclcpp::Node::create_publisher<<expression error> >(const char [10], rclcpp::QoS)[m[Kâ€™
   12 |   auto publisher = [01;31m[Knode->create_publisher<example_interfaces::msg::String>("num_topic", rclcpp::QoS(10))[m[K;
      |                    [01;31m[K~~~~~~~~~~~~~~~~~~~~~~~~~~~~~~~~~~~~~~~~~~~~~~~~~~~~~~~^~~~~~~~~~~~~~~~~~~~~~~~~~~~~~[m[K
In file included from [01m[K/opt/ros/humble/include/rclcpp/rclcpp/executors/single_threaded_executor.hpp:28[m[K,
                 from [01m[K/opt/ros/humble/include/rclcpp/rclcpp/executors.hpp:22[m[K,
                 from [01m[K/opt/ros/humble/include/rclcpp/rclcpp/rclcpp.hpp:155[m[K,
                 from [01m[K/home/nida/Desktop/qml_ws/src/qml_pkg/src/publisher_node.cpp:1[m[K:
[01m[K/opt/ros/humble/include/rclcpp/rclcpp/node.hpp:195:3:[m[K [01;36m[Knote: [m[Kcandidate: â€˜[01m[Ktemplate<class MessageT, class AllocatorT, class PublisherT> std::shared_ptr<PublisherT> rclcpp::Node::create_publisher(const string&, const rclcpp::QoS&, const rclcpp::PublisherOptionsWithAllocator<AllocatorT>&)[m[Kâ€™
  195 |   [01;36m[Kcreate_publisher[m[K(
      |   [01;36m[K^~~~~~~~~~~~~~~~[m[K
[01m[K/opt/ros/humble/include/rclcpp/rclcpp/node.hpp:195:3:[m[K [01;36m[Knote: [m[K  template argument deduction/substitution failed:
[01m[K/home/nida/Desktop/qml_ws/src/qml_pkg/src/publisher_node.cpp:12:75:[m[K [01;31m[Kerror: [m[Ktemplate argument 1 is invalid
   12 |   auto publisher = [01;31m[Knode->create_publisher<example_interfaces::msg::String>("num_topic", rclcpp::QoS(10))[m[K;
      |                    [01;31m[K~~~~~~~~~~~~~~~~~~~~~~~~~~~~~~~~~~~~~~~~~~~~~~~~~~~~~~~^~~~~~~~~~~~~~~~~~~~~~~~~~~~~~[m[K
[01m[K/home/nida/Desktop/qml_ws/src/qml_pkg/src/publisher_node.cpp:21:21:[m[K [01;31m[Kerror: [m[Kparse error in template argument list
   21 |     auto msg = std::[01;31m[Kmake_shared<example_interfaces::msg::String>[m[K();
      |                     [01;31m[K^~~~~~~~~~~~~~~~~~~~~~~~~~~~~~~~~~~~~~~~~~~~[m[K
[01m[K/home/nida/Desktop/qml_ws/src/qml_pkg/src/publisher_node.cpp:21:65:[m[K [01;31m[Kerror: [m[Kno matching function for call to â€˜[01m[Kmake_shared<example_interfaces>()[m[Kâ€™
   21 |     auto msg = [01;31m[Kstd::make_shared<example_interfaces::msg::String>()[m[K;
      |                [01;31m[K~~~~~~~~~~~~~~~~~~~~~~~~~~~~~~~~~~~~~~~~~~~~~~~~~^~[m[K
In file included from [01m[K/usr/include/c++/11/memory:77[m[K,
                 from [01m[K/opt/ros/humble/include/rclcpp/rclcpp/rclcpp.hpp:153[m[K,
                 from [01m[K/home/nida/Desktop/qml_ws/src/qml_pkg/src/publisher_node.cpp:1[m[K:
[01m[K/usr/include/c++/11/bits/shared_ptr.h:875:5:[m[K [01;36m[Knote: [m[Kcandidate: â€˜[01m[Ktemplate<class _Tp, class ... _Args> std::shared_ptr<_Tp> std::make_shared(_Args&& ...)[m[Kâ€™
  875 |     [01;36m[Kmake_shared[m[K(_Args&&... __args)
      |     [01;36m[K^~~~~~~~~~~[m[K
[01m[K/usr/include/c++/11/bits/shared_ptr.h:875:5:[m[K [01;36m[Knote: [m[K  template argument deduction/substitution failed:
gmake[2]: *** [CMakeFiles/publisher_node.dir/build.make:76: CMakeFiles/publisher_node.dir/src/publisher_node.cpp.o] Error 1
gmake[1]: *** [CMakeFiles/Makefile2:165: CMakeFiles/publisher_node.dir/all] Error 2
gmake[1]: *** Waiting for unfinished jobs....
[01m[K/home/nida/Desktop/qml_ws/src/qml_pkg/src/main.cpp:[m[K In constructor â€˜[01m[KSubscriberNode::SubscriberNode()[m[Kâ€™:
[01m[K/home/nida/Desktop/qml_ws/src/qml_pkg/src/main.cpp:31:9:[m[K [01;31m[Kerror: [m[Kâ€˜[01m[Kconnect[m[Kâ€™ was not declared in this scope
   31 |         [01;31m[Kconnect[m[K(startButton_, &QPushButton::clicked, this, &SubscriberNode::startButtonClicked);
      |         [01;31m[K^~~~~~~[m[K
gmake[2]: *** [CMakeFiles/main.dir/build.make:76: CMakeFiles/main.dir/src/main.cpp.o] Error 1
gmake[1]: *** [CMakeFiles/Makefile2:139: CMakeFiles/main.dir/all] Error 2
gmake: *** [Makefile:146: all] Error 2
