[01m[K/home/nida/Desktop/qml_ws/src/qml_pkg/src/main.cpp:[m[K In function â€˜[01m[Kint main(int, char**)[m[Kâ€™:
[01m[K/home/nida/Desktop/qml_ws/src/qml_pkg/src/main.cpp:48:17:[m[K [01;31m[Kerror: [m[Kdeclaration of â€˜[01m[KrosSpinner[m[Kâ€™ as array of functions
   48 |     std::thread [01;31m[KrosSpinner[m[K[&node]();
      |                 [01;31m[K^~~~~~~~~~[m[K
[01m[K/home/nida/Desktop/qml_ws/src/qml_pkg/src/main.cpp:73:5:[m[K [01;31m[Kerror: [m[Kâ€˜[01m[KrosSpinner[m[Kâ€™ was not declared in this scope
   73 |     [01;31m[KrosSpinner[m[K.join();
      |     [01;31m[K^~~~~~~~~~[m[K
gmake[2]: *** [CMakeFiles/main.dir/build.make:76: CMakeFiles/main.dir/src/main.cpp.o] Error 1
gmake[1]: *** [CMakeFiles/Makefile2:139: CMakeFiles/main.dir/all] Error 2
gmake: *** [Makefile:146: all] Error 2
