[0.028s] Invoking command in '/home/nida/Desktop/qml_ws/build/qml_pkg': CMAKE_PREFIX_PATH=${CMAKE_PREFIX_PATH}:/home/nida/Desktop/ROV/task2_ws/install/task2_pkg:/home/nida/ros2_humble/install/rqt_bag_plugins:/home/nida/ros2_humble/install/rqt_bag:/home/nida/ros2_humble/install/ros2bag:/home/nida/ros2_humble/install/tracetools_test:/home/nida/ros2_humble/install/tracetools_launch:/home/nida/ros2_humble/install/topic_monitor:/home/nida/ros2_humble/install/tf2_tools:/home/nida/ros2_humble/install/examples_tf2_py:/home/nida/ros2_humble/install/tf2_ros_py:/home/nida/ros2_humble/install/sros2:/home/nida/ros2_humble/install/rqt_topic:/home/nida/ros2_humble/install/rqt_srv:/home/nida/ros2_humble/install/rqt_shell:/home/nida/ros2_humble/install/rqt_service_caller:/home/nida/ros2_humble/install/rqt_reconfigure:/home/nida/ros2_humble/install/rqt_py_console:/home/nida/ros2_humble/install/rqt_publisher:/home/nida/ros2_humble/install/rqt_plot:/home/nida/ros2_humble/install/rqt_action:/home/nida/ros2_humble/install/rqt_msg:/home/nida/ros2_humble/install/rqt_console:/home/nida/ros2_humble/install/rqt:/home/nida/ros2_humble/install/rqt_graph:/home/nida/ros2_humble/install/rqt_gui_py:/home/nida/ros2_humble/install/rqt_gui:/home/nida/ros2_humble/install/ros2trace:/home/nida/ros2_humble/install/ros2topic:/home/nida/ros2_humble/install/ros2test:/home/nida/ros2_humble/install/ros2component:/home/nida/ros2_humble/install/ros2param:/home/nida/ros2_humble/install/ros2lifecycle:/home/nida/ros2_humble/install/ros2service:/home/nida/ros2_humble/install/ros2run:/home/nida/ros2_humble/install/ros2launch:/home/nida/ros2_humble/install/ros2pkg:/home/nida/ros2_humble/install/ros2node:/home/nida/ros2_humble/install/ros2multicast:/home/nida/ros2_humble/install/ros2interface:/home/nida/ros2_humble/install/ros2doctor:/home/nida/ros2_humble/install/ros2action:/home/nida/ros2_humble/install/ros2cli:/home/nida/ros2_humble/install/quality_of_service_demo_py:/home/nida/ros2_humble/install/lifecycle_py:/home/nida/ros2_humble/install/launch_testing_ros:/home/nida/ros2_humble/install/launch_ros:/home/nida/ros2_humble/install/examples_rclpy_pointcloud_publisher:/home/nida/ros2_humble/install/examples_rclpy_minimal_subscriber:/home/nida/ros2_humble/install/examples_rclpy_minimal_service:/home/nida/ros2_humble/install/examples_rclpy_minimal_publisher:/home/nida/ros2_humble/install/examples_rclpy_minimal_client:/home/nida/ros2_humble/install/examples_rclpy_minimal_action_server:/home/nida/ros2_humble/install/examples_rclpy_minimal_action_client:/home/nida/ros2_humble/install/examples_rclpy_guard_conditions:/home/nida/ros2_humble/install/examples_rclpy_executors:/home/nida/ros2_humble/install/demo_nodes_py:/home/nida/ros2_humble/install/action_tutorials_py:/home/nida/ros2_humble/install/ament_uncrustify:/home/nida/ros2_humble/install/tracetools_trace:/home/nida/ros2_humble/install/tracetools_read:/home/nida/ros2_humble/install/test_tracetools_launch:/home/nida/ros2_humble/install/test_launch_ros:/home/nida/ros2_humble/install/sensor_msgs_py:/home/nida/ros2_humble/install/rpyutils:/home/nida/ros2_humble/install/rosidl_runtime_py:/home/nida/ros2_humble/install/rosidl_cli:/home/nida/ros2_humble/install/launch_pytest:/home/nida/ros2_humble/install/launch_testing:/home/nida/ros2_humble/install/launch_yaml:/home/nida/ros2_humble/install/launch_xml:/home/nida/ros2_humble/install/launch:/home/nida/ros2_humble/install/osrf_pycommon:/home/nida/ros2_humble/install/launch_testing_examples:/home/nida/ros2_humble/install/domain_coordinator:/home/nida/ros2_humble/install/ament_xmllint:/home/nida/ros2_humble/install/ament_pyflakes:/home/nida/ros2_humble/install/ament_pycodestyle:/home/nida/ros2_humble/install/ament_pep257:/home/nida/ros2_humble/install/ament_pclint:/home/nida/ros2_humble/install/ament_package:/home/nida/ros2_humble/install/ament_mypy:/home/nida/ros2_humble/install/ament_lint_cmake:/home/nida/ros2_humble/install/ament_flake8:/home/nida/ros2_humble/install/ament_copyright:/home/nida/ros2_humble/install/ament_lint:/home/nida/ros2_humble/install/ament_index_python:/home/nida/ros2_humble/install/ament_cpplint:/home/nida/ros2_humble/install/ament_cppcheck:/home/nida/ros2_humble/install/ament_clang_tidy:/home/nida/ros2_humble/install/ament_clang_format:/opt/ros/humble /home/nida/.local/bin/cmake --build /home/nida/Desktop/qml_ws/build/qml_pkg -- -j8 -l8
[0.159s] [ 50%] [32mBuilding CXX object CMakeFiles/main.dir/src/main.cpp.o[0m
[0.159s] [ 50%] [32mBuilding CXX object CMakeFiles/publisher_node.dir/src/publisher_node.cpp.o[0m
[0.294s] [01m[K/home/nida/Desktop/qml_ws/src/qml_pkg/src/publisher_node.cpp:2:10:[m[K [01;31m[Kfatal error: [m[Kexample_interfaces/msg/string.hpp: No such file or directory
[0.295s]     2 | #include [01;31m[K"example_interfaces/msg/string.hpp"[m[K  // Fixed header include
[0.295s]       |          [01;31m[K^~~~~~~~~~~~~~~~~~~~~~~~~~~~~~~~~~~[m[K
[0.295s] compilation terminated.
[0.298s] gmake[2]: *** [CMakeFiles/publisher_node.dir/build.make:76: CMakeFiles/publisher_node.dir/src/publisher_node.cpp.o] Error 1
[0.298s] gmake[1]: *** [CMakeFiles/Makefile2:165: CMakeFiles/publisher_node.dir/all] Error 2
[0.298s] gmake[1]: *** Waiting for unfinished jobs....
[2.393s] [01m[K/home/nida/Desktop/qml_ws/src/qml_pkg/src/main.cpp:15:1:[m[K [01;31m[Kerror: [m[Kâ€˜[01m[Kstd_msg[m[Kâ€™ does not name a type
[2.393s]    15 | [01;31m[Kstd_msg[m[K::msg::Int32 SLIDER = 0;
[2.393s]       | [01;31m[K^~~~~~~[m[K
[2.394s] [01m[K/home/nida/Desktop/qml_ws/src/qml_pkg/src/main.cpp:17:26:[m[K [01;31m[Kerror: [m[Kâ€˜[01m[Kstd_msg[m[Kâ€™ does not name a type
[2.394s]    17 | void manage_slider(const [01;31m[Kstd_msg[m[K::msg::Int32::ConstPtr &msg){
[2.394s]       |                          [01;31m[K^~~~~~~[m[K
[2.394s] [01m[K/home/nida/Desktop/qml_ws/src/qml_pkg/src/main.cpp:17:38:[m[K [01;31m[Kerror: [m[Kexpected unqualified-id before â€˜[01m[K::[m[Kâ€™ token
[2.394s]    17 | void manage_slider(const std_msg::msg[01;31m[K::[m[KInt32::ConstPtr &msg){
[2.394s]       |                                      [01;31m[K^~[m[K
[2.394s] [01m[K/home/nida/Desktop/qml_ws/src/qml_pkg/src/main.cpp:17:38:[m[K [01;31m[Kerror: [m[Kexpected â€˜[01m[K)[m[Kâ€™ before â€˜[01m[K::[m[Kâ€™ token
[2.394s]    17 | void manage_slider[34m[K([m[Kconst std_msg::msg[01;31m[K:[m[K[32m[K:[m[KInt32::ConstPtr &msg){
[2.394s]       |                   [34m[K~[m[K                  [01;31m[K^[m[K[32m[K~[m[K
[2.394s]       |                                      [32m[K)[m[K
[2.394s] [01m[K/home/nida/Desktop/qml_ws/src/qml_pkg/src/main.cpp:17:38:[m[K [01;31m[Kerror: [m[Kexpected initializer before â€˜[01m[K::[m[Kâ€™ token
[2.394s]    17 | void manage_slider(const std_msg::msg[01;31m[K::[m[KInt32::ConstPtr &msg){
[2.394s]       |                                      [01;31m[K^~[m[K
[2.397s] [01m[K/home/nida/Desktop/qml_ws/src/qml_pkg/src/main.cpp:[m[K In function â€˜[01m[Kvoid update_slider(QObject*)[m[Kâ€™:
[2.397s] [01m[K/home/nida/Desktop/qml_ws/src/qml_pkg/src/main.cpp:24:56:[m[K [01;31m[Kerror: [m[Kâ€˜[01m[KSLIDER[m[Kâ€™ was not declared in this scope
[2.397s]    24 |     obj->setProperty("value", QVariant(QString::number([01;31m[KSLIDER[m[K.data)));
[2.397s]       |                                                        [01;31m[K^~~~~~[m[K
[2.400s] In file included from [01m[K/opt/ros/humble/include/rclcpp/rclcpp/client.hpp:40[m[K,
[2.400s]                  from [01m[K/opt/ros/humble/include/rclcpp/rclcpp/callback_group.hpp:24[m[K,
[2.400s]                  from [01m[K/opt/ros/humble/include/rclcpp/rclcpp/any_executable.hpp:20[m[K,
[2.400s]                  from [01m[K/opt/ros/humble/include/rclcpp/rclcpp/memory_strategy.hpp:25[m[K,
[2.400s]                  from [01m[K/opt/ros/humble/include/rclcpp/rclcpp/memory_strategies.hpp:18[m[K,
[2.400s]                  from [01m[K/opt/ros/humble/include/rclcpp/rclcpp/executor_options.hpp:20[m[K,
[2.400s]                  from [01m[K/opt/ros/humble/include/rclcpp/rclcpp/executor.hpp:37[m[K,
[2.400s]                  from [01m[K/opt/ros/humble/include/rclcpp/rclcpp/executors/multi_threaded_executor.hpp:25[m[K,
[2.400s]                  from [01m[K/opt/ros/humble/include/rclcpp/rclcpp/executors.hpp:21[m[K,
[2.400s]                  from [01m[K/opt/ros/humble/include/rclcpp/rclcpp/rclcpp.hpp:155[m[K,
[2.400s]                  from [01m[K/home/nida/Desktop/qml_ws/src/qml_pkg/src/main.cpp:8[m[K:
[2.400s] [01m[K/home/nida/Desktop/qml_ws/src/qml_pkg/src/main.cpp:25:17:[m[K [01;31m[Kerror: [m[Kâ€˜[01m[Klogger[m[Kâ€™ was not declared in this scope
[2.400s]    25 |     RCLCPP_INFO([01;31m[Klogger[m[K, "data: %d", SLIDER.data);
[2.400s]       |                 [01;31m[K^~~~~~[m[K
[2.400s] [01m[K/home/nida/Desktop/qml_ws/src/qml_pkg/src/main.cpp:25:5:[m[K [01;31m[Kerror: [m[Ktemplate argument 1 is invalid
[2.401s]    25 |     [01;31m[KRCLCPP_INFO[m[K(logger, "data: %d", SLIDER.data);
[2.401s]       |     [01;31m[K^~~~~~~~~~~[m[K
[2.404s] [01m[K/home/nida/Desktop/qml_ws/src/qml_pkg/src/main.cpp:25:5:[m[K [01;31m[Kerror: [m[Kâ€˜[01m[K<declaration error>[m[Kâ€™ is not a template [[01;31m[K]8;;https://gcc.gnu.org/onlinedocs/gcc/Warning-Options.html#index-fpermissive-fpermissive]8;;[m[K]
[2.404s]    25 |     [01;31m[KRCLCPP_INFO[m[K(logger, "data: %d", SLIDER.data);
[2.404s]       |     [01;31m[K^~~~~~~~~~~[m[K
[2.404s] [01m[K/home/nida/Desktop/qml_ws/src/qml_pkg/src/main.cpp:25:5:[m[K [01;31m[Kerror: [m[Ktemplate argument 1 is invalid
[2.404s]    25 |     [01;31m[KRCLCPP_INFO[m[K(logger, "data: %d", SLIDER.data);
[2.404s]       |     [01;31m[K^~~~~~~~~~~[m[K
[2.404s] [01m[K/home/nida/Desktop/qml_ws/src/qml_pkg/src/main.cpp:25:5:[m[K [01;31m[Kerror: [m[Kâ€˜[01m[K<declaration error>[m[Kâ€™ is not a template [[01;31m[K]8;;https://gcc.gnu.org/onlinedocs/gcc/Warning-Options.html#index-fpermissive-fpermissive]8;;[m[K]
[2.404s]    25 |     [01;31m[KRCLCPP_INFO[m[K(logger, "data: %d", SLIDER.data);
[2.404s]       |     [01;31m[K^~~~~~~~~~~[m[K
[2.404s] [01m[K/home/nida/Desktop/qml_ws/src/qml_pkg/src/main.cpp:25:5:[m[K [01;31m[Kerror: [m[Ktemplate argument 1 is invalid
[2.404s]    25 |     [01;31m[KRCLCPP_INFO[m[K(logger, "data: %d", SLIDER.data);
[2.404s]       |     [01;31m[K^~~~~~~~~~~[m[K
[2.405s] [01m[K/home/nida/Desktop/qml_ws/src/qml_pkg/src/main.cpp:[m[K In function â€˜[01m[Kint main(int, char**)[m[Kâ€™:
[2.405s] [01m[K/home/nida/Desktop/qml_ws/src/qml_pkg/src/main.cpp:33:64:[m[K [01;31m[Kerror: [m[Kâ€˜[01m[KInt32[m[Kâ€™ is not a member of â€˜[01m[Kstd_msgs::msg[m[Kâ€™
[2.405s]    33 |  auto subscriber = node->create_subscription<std_msgs::msg::[01;31m[KInt32[m[K>("slider_topic", 0, SLIDER);
[2.406s]       |                                                             [01;31m[K^~~~~[m[K
[2.406s] 
[2.409s] [01m[K/home/nida/Desktop/qml_ws/src/qml_pkg/src/main.cpp:33:90:[m[K [01;31m[Kerror: [m[Kâ€˜[01m[KSLIDER[m[Kâ€™ was not declared in this scope
[2.409s]    33 | ->create_subscription<std_msgs::msg::Int32>("slider_topic", 0, [01;31m[KSLIDER[m[K);
[2.409s]       |                                                                [01;31m[K^~~~~~[m[K
[2.409s] 
[2.409s] [01m[K/home/nida/Desktop/qml_ws/src/qml_pkg/src/main.cpp:[m[K In lambda function:
[2.409s] [01m[K/home/nida/Desktop/qml_ws/src/qml_pkg/src/main.cpp:34:35:[m[K [01;31m[Kerror: [m[Kexpected â€˜[01m[K{[m[Kâ€™ before â€˜[01m[K)[m[Kâ€™ token
[2.409s]    34 |     std::thread rosSpinner([&node][01;31m[K)[m[K{
[2.409s]       |                                   [01;31m[K^[m[K
[2.409s] [01m[K/home/nida/Desktop/qml_ws/src/qml_pkg/src/main.cpp:[m[K In function â€˜[01m[Kint main(int, char**)[m[Kâ€™:
[2.409s] [01m[K/home/nida/Desktop/qml_ws/src/qml_pkg/src/main.cpp:34:36:[m[K [01;31m[Kerror: [m[Kexpected â€˜[01m[K,[m[Kâ€™ or â€˜[01m[K;[m[Kâ€™ before â€˜[01m[K{[m[Kâ€™ token
[2.409s]    34 |     std::thread rosSpinner([&node])[01;31m[K{[m[K
[2.409s]       |                                    [01;31m[K^[m[K
[2.799s] gmake[2]: *** [CMakeFiles/main.dir/build.make:76: CMakeFiles/main.dir/src/main.cpp.o] Error 1
[2.799s] gmake[1]: *** [CMakeFiles/Makefile2:139: CMakeFiles/main.dir/all] Error 2
[2.799s] gmake: *** [Makefile:146: all] Error 2
[2.804s] Invoked command in '/home/nida/Desktop/qml_ws/build/qml_pkg' returned '2': CMAKE_PREFIX_PATH=${CMAKE_PREFIX_PATH}:/home/nida/Desktop/ROV/task2_ws/install/task2_pkg:/home/nida/ros2_humble/install/rqt_bag_plugins:/home/nida/ros2_humble/install/rqt_bag:/home/nida/ros2_humble/install/ros2bag:/home/nida/ros2_humble/install/tracetools_test:/home/nida/ros2_humble/install/tracetools_launch:/home/nida/ros2_humble/install/topic_monitor:/home/nida/ros2_humble/install/tf2_tools:/home/nida/ros2_humble/install/examples_tf2_py:/home/nida/ros2_humble/install/tf2_ros_py:/home/nida/ros2_humble/install/sros2:/home/nida/ros2_humble/install/rqt_topic:/home/nida/ros2_humble/install/rqt_srv:/home/nida/ros2_humble/install/rqt_shell:/home/nida/ros2_humble/install/rqt_service_caller:/home/nida/ros2_humble/install/rqt_reconfigure:/home/nida/ros2_humble/install/rqt_py_console:/home/nida/ros2_humble/install/rqt_publisher:/home/nida/ros2_humble/install/rqt_plot:/home/nida/ros2_humble/install/rqt_action:/home/nida/ros2_humble/install/rqt_msg:/home/nida/ros2_humble/install/rqt_console:/home/nida/ros2_humble/install/rqt:/home/nida/ros2_humble/install/rqt_graph:/home/nida/ros2_humble/install/rqt_gui_py:/home/nida/ros2_humble/install/rqt_gui:/home/nida/ros2_humble/install/ros2trace:/home/nida/ros2_humble/install/ros2topic:/home/nida/ros2_humble/install/ros2test:/home/nida/ros2_humble/install/ros2component:/home/nida/ros2_humble/install/ros2param:/home/nida/ros2_humble/install/ros2lifecycle:/home/nida/ros2_humble/install/ros2service:/home/nida/ros2_humble/install/ros2run:/home/nida/ros2_humble/install/ros2launch:/home/nida/ros2_humble/install/ros2pkg:/home/nida/ros2_humble/install/ros2node:/home/nida/ros2_humble/install/ros2multicast:/home/nida/ros2_humble/install/ros2interface:/home/nida/ros2_humble/install/ros2doctor:/home/nida/ros2_humble/install/ros2action:/home/nida/ros2_humble/install/ros2cli:/home/nida/ros2_humble/install/quality_of_service_demo_py:/home/nida/ros2_humble/install/lifecycle_py:/home/nida/ros2_humble/install/launch_testing_ros:/home/nida/ros2_humble/install/launch_ros:/home/nida/ros2_humble/install/examples_rclpy_pointcloud_publisher:/home/nida/ros2_humble/install/examples_rclpy_minimal_subscriber:/home/nida/ros2_humble/install/examples_rclpy_minimal_service:/home/nida/ros2_humble/install/examples_rclpy_minimal_publisher:/home/nida/ros2_humble/install/examples_rclpy_minimal_client:/home/nida/ros2_humble/install/examples_rclpy_minimal_action_server:/home/nida/ros2_humble/install/examples_rclpy_minimal_action_client:/home/nida/ros2_humble/install/examples_rclpy_guard_conditions:/home/nida/ros2_humble/install/examples_rclpy_executors:/home/nida/ros2_humble/install/demo_nodes_py:/home/nida/ros2_humble/install/action_tutorials_py:/home/nida/ros2_humble/install/ament_uncrustify:/home/nida/ros2_humble/install/tracetools_trace:/home/nida/ros2_humble/install/tracetools_read:/home/nida/ros2_humble/install/test_tracetools_launch:/home/nida/ros2_humble/install/test_launch_ros:/home/nida/ros2_humble/install/sensor_msgs_py:/home/nida/ros2_humble/install/rpyutils:/home/nida/ros2_humble/install/rosidl_runtime_py:/home/nida/ros2_humble/install/rosidl_cli:/home/nida/ros2_humble/install/launch_pytest:/home/nida/ros2_humble/install/launch_testing:/home/nida/ros2_humble/install/launch_yaml:/home/nida/ros2_humble/install/launch_xml:/home/nida/ros2_humble/install/launch:/home/nida/ros2_humble/install/osrf_pycommon:/home/nida/ros2_humble/install/launch_testing_examples:/home/nida/ros2_humble/install/domain_coordinator:/home/nida/ros2_humble/install/ament_xmllint:/home/nida/ros2_humble/install/ament_pyflakes:/home/nida/ros2_humble/install/ament_pycodestyle:/home/nida/ros2_humble/install/ament_pep257:/home/nida/ros2_humble/install/ament_pclint:/home/nida/ros2_humble/install/ament_package:/home/nida/ros2_humble/install/ament_mypy:/home/nida/ros2_humble/install/ament_lint_cmake:/home/nida/ros2_humble/install/ament_flake8:/home/nida/ros2_humble/install/ament_copyright:/home/nida/ros2_humble/install/ament_lint:/home/nida/ros2_humble/install/ament_index_python:/home/nida/ros2_humble/install/ament_cpplint:/home/nida/ros2_humble/install/ament_cppcheck:/home/nida/ros2_humble/install/ament_clang_tidy:/home/nida/ros2_humble/install/ament_clang_format:/opt/ros/humble /home/nida/.local/bin/cmake --build /home/nida/Desktop/qml_ws/build/qml_pkg -- -j8 -l8
