[0.059s] Invoking command in '/home/nida/Desktop/qml_ws/build/qml_pkg': CMAKE_PREFIX_PATH=/home/nida/Desktop/ROV/task2_ws/install/task2_pkg:/home/nida/ros2_humble/install/rqt_bag_plugins:/home/nida/ros2_humble/install/rosbag2_storage_mcap:/home/nida/ros2_humble/install/rosbag2:/home/nida/ros2_humble/install/rosbag2_compression_zstd:/home/nida/ros2_humble/install/mcap_vendor:/home/nida/ros2_humble/install/zstd_vendor:/home/nida/ros2_humble/install/rviz_visual_testing_framework:/home/nida/ros2_humble/install/rviz2:/home/nida/ros2_humble/install/rviz_default_plugins:/home/nida/ros2_humble/install/rviz_common:/home/nida/ros2_humble/install/rqt_bag:/home/nida/ros2_humble/install/ros2bag:/home/nida/ros2_humble/install/rosbag2_py:/home/nida/ros2_humble/install/rosbag2_transport:/home/nida/ros2_humble/install/rosbag2_performance_benchmarking:/home/nida/ros2_humble/install/rosbag2_compression:/home/nida/ros2_humble/install/rosbag2_cpp:/home/nida/ros2_humble/install/rosbag2_storage_default_plugins:/home/nida/ros2_humble/install/rosbag2_storage:/home/nida/ros2_humble/install/image_common:/home/nida/ros2_humble/install/camera_info_manager:/home/nida/ros2_humble/install/camera_calibration_parsers:/home/nida/ros2_humble/install/yaml_cpp_vendor:/home/nida/ros2_humble/install/interactive_markers:/home/nida/ros2_humble/install/common_interfaces:/home/nida/ros2_humble/install/visualization_msgs:/home/nida/ros2_humble/install/dummy_robot_bringup:/home/nida/ros2_humble/install/robot_state_publisher:/home/nida/ros2_humble/install/kdl_parser:/home/nida/ros2_humble/install/urdf:/home/nida/ros2_humble/install/urdf_parser_plugin:/home/nida/ros2_humble/install/turtlesim:/home/nida/ros2_humble/install/tracetools_test:/home/nida/ros2_humble/install/tracetools_launch:/home/nida/ros2_humble/install/topic_monitor:/home/nida/ros2_humble/install/geometry2:/home/nida/ros2_humble/install/tf2_tools:/home/nida/ros2_humble/install/tf2_sensor_msgs:/home/nida/ros2_humble/install/test_tf2:/home/nida/ros2_humble/install/tf2_kdl:/home/nida/ros2_humble/install/tf2_geometry_msgs:/home/nida/ros2_humble/install/examples_tf2_py:/home/nida/ros2_humble/install/tf2_ros_py:/home/nida/ros2_humble/install/tf2_eigen:/home/nida/ros2_humble/install/tf2_bullet:/home/nida/ros2_humble/install/tf2_ros:/home/nida/ros2_humble/install/tf2_py:/home/nida/ros2_humble/install/tf2_msgs:/home/nida/ros2_humble/install/test_msgs:/home/nida/ros2_humble/install/sros2_cmake:/home/nida/ros2_humble/install/ros2cli_common_extensions:/home/nida/ros2_humble/install/sros2:/home/nida/ros2_humble/install/rqt_topic:/home/nida/ros2_humble/install/rqt_srv:/home/nida/ros2_humble/install/rqt_shell:/home/nida/ros2_humble/install/rqt_service_caller:/home/nida/ros2_humble/install/rqt_reconfigure:/home/nida/ros2_humble/install/rqt_py_console:/home/nida/ros2_humble/install/rqt_publisher:/home/nida/ros2_humble/install/rqt_plot:/home/nida/ros2_humble/install/rqt_action:/home/nida/ros2_humble/install/rqt_msg:/home/nida/ros2_humble/install/rqt_console:/home/nida/ros2_humble/install/rqt:/home/nida/ros2_humble/install/rqt_py_common:/home/nida/ros2_humble/install/rqt_graph:/home/nida/ros2_humble/install/rqt_gui_py:/home/nida/ros2_humble/install/rqt_gui:/home/nida/ros2_humble/install/rosbag2_storage_mcap_testdata:/home/nida/ros2_humble/install/ros_testing:/home/nida/ros2_humble/install/ros2trace:/home/nida/ros2_humble/install/ros2topic:/home/nida/ros2_humble/install/ros2test:/home/nida/ros2_humble/install/ros2component:/home/nida/ros2_humble/install/ros2param:/home/nida/ros2_humble/install/ros2lifecycle:/home/nida/ros2_humble/install/ros2service:/home/nida/ros2_humble/install/ros2run:/home/nida/ros2_humble/install/ros2launch:/home/nida/ros2_humble/install/ros2pkg:/home/nida/ros2_humble/install/ros2node:/home/nida/ros2_humble/install/ros2multicast:/home/nida/ros2_humble/install/ros2interface:/home/nida/ros2_humble/install/ros2doctor:/home/nida/ros2_humble/install/ros2cli_test_interfaces:/home/nida/ros2_humble/install/ros2action:/home/nida/ros2_humble/install/ros2cli:/home/nida/ros2_humble/install/quality_of_service_demo_py:/home/nida/ros2_humble/install/quality_of_service_demo_cpp:/home/nida/ros2_humble/install/image_transport:/home/nida/ros2_humble/install/message_filters:/home/nida/ros2_humble/install/lifecycle_py:/home/nida/ros2_humble/install/launch_testing_ros:/home/nida/ros2_humble/install/demo_nodes_cpp:/home/nida/ros2_humble/install/composition:/home/nida/ros2_humble/install/launch_ros:/home/nida/ros2_humble/install/laser_geometry:/home/nida/ros2_humble/install/examples_rclpy_pointcloud_publisher:/home/nida/ros2_humble/install/examples_rclpy_minimal_subscriber:/home/nida/ros2_humble/install/examples_rclpy_minimal_service:/home/nida/ros2_humble/install/examples_rclpy_minimal_publisher:/home/nida/ros2_humble/install/examples_rclpy_minimal_client:/home/nida/ros2_humble/install/examples_rclpy_minimal_action_server:/home/nida/ros2_humble/install/examples_rclpy_minimal_action_client:/home/nida/ros2_humble/install/examples_rclpy_guard_conditions:/home/nida/ros2_humble/install/examples_rclpy_executors:/home/nida/ros2_humble/install/demo_nodes_py:/home/nida/ros2_humble/install/action_tutorials_py:/home/nida/ros2_humble/install/rclpy:/home/nida/ros2_humble/install/examples_rclcpp_minimal_action_server:/home/nida/ros2_humble/install/examples_rclcpp_minimal_action_client:/home/nida/ros2_humble/install/action_tutorials_cpp:/home/nida/ros2_humble/install/rclcpp_action:/home/nida/ros2_humble/install/rcl_action:/home/nida/ros2_humble/install/examples_rclcpp_wait_set:/home/nida/ros2_humble/install/examples_rclcpp_minimal_service:/home/nida/ros2_humble/install/examples_rclcpp_minimal_client:/home/nida/ros2_humble/install/examples_rclcpp_async_client:/home/nida/ros2_humble/install/example_interfaces:/home/nida/ros2_humble/install/action_tutorials_interfaces:/home/nida/ros2_humble/install/action_msgs:/home/nida/ros2_humble/install/unique_identifier_msgs:/home/nida/ros2_humble/install/ament_lint_common:/home/nida/ros2_humble/install/ament_cmake_uncrustify:/home/nida/ros2_humble/install/ament_uncrustify:/home/nida/ros2_humble/install/uncrustify_vendor:/home/nida/ros2_humble/install/trajectory_msgs:/home/nida/ros2_humble/install/tracetools_trace:/home/nida/ros2_humble/install/tracetools_read:/home/nida/ros2_humble/install/topic_statistics_demo:/home/nida/ros2_humble/install/pendulum_control:/home/nida/ros2_humble/install/tlsf_cpp:/home/nida/ros2_humble/install/test_tracetools:/home/nida/ros2_humble/install/rqt_gui_cpp:/home/nida/ros2_humble/install/rosbag2_test_common:/home/nida/ros2_humble/install/ros2lifecycle_test_fixtures:/home/nida/ros2_humble/install/lifecycle:/home/nida/ros2_humble/install/rclcpp_lifecycle:/home/nida/ros2_humble/install/logging_demo:/home/nida/ros2_humble/install/image_tools:/home/nida/ros2_humble/install/examples_rclcpp_minimal_subscriber:/home/nida/ros2_humble/install/examples_rclcpp_minimal_composition:/home/nida/ros2_humble/install/demo_nodes_cpp_native:/home/nida/ros2_humble/install/rclcpp_components:/home/nida/ros2_humble/install/intra_process_demo:/home/nida/ros2_humble/install/examples_rclcpp_multithreaded_executor:/home/nida/ros2_humble/install/examples_rclcpp_minimal_timer:/home/nida/ros2_humble/install/examples_rclcpp_minimal_publisher:/home/nida/ros2_humble/install/examples_rclcpp_cbg_executor:/home/nida/ros2_humble/install/dummy_sensors:/home/nida/ros2_humble/install/dummy_map_server:/home/nida/ros2_humble/install/rclcpp:/home/nida/ros2_humble/install/rcl_lifecycle:/home/nida/ros2_humble/install/libstatistics_collector:/home/nida/ros2_humble/install/rcl:/home/nida/ros2_humble/install/rmw_implementation:/home/nida/ros2_humble/install/rmw_fastrtps_dynamic_cpp:/home/nida/ros2_humble/install/rmw_fastrtps_cpp:/home/nida/ros2_humble/install/rmw_fastrtps_shared_cpp:/home/nida/ros2_humble/install/rmw_cyclonedds_cpp:/home/nida/ros2_humble/install/tracetools:/home/nida/ros2_humble/install/tlsf:/home/nida/ros2_humble/install/tinyxml_vendor:/home/nida/ros2_humble/install/qt_gui_core:/home/nida/ros2_humble/install/qt_gui_cpp:/home/nida/ros2_humble/install/pluginlib:/home/nida/ros2_humble/install/tinyxml2_vendor:/home/nida/ros2_humble/install/tf2_eigen_kdl:/home/nida/ros2_humble/install/tf2:/home/nida/ros2_humble/install/test_tracetools_launch:/home/nida/ros2_humble/install/test_security:/home/nida/ros2_humble/install/test_rmw_implementation:/home/nida/ros2_humble/install/test_rclcpp:/home/nida/ros2_humble/install/test_quality_of_service:/home/nida/ros2_humble/install/test_launch_testing:/home/nida/ros2_humble/install/test_launch_ros:/home/nida/ros2_humble/install/test_interface_files:/home/nida/ros2_humble/install/test_communication:/home/nida/ros2_humble/install/test_cli_remapping:/home/nida/ros2_humble/install/test_cli:/home/nida/ros2_humble/install/qt_gui_app:/home/nida/ros2_humble/install/qt_gui:/home/nida/ros2_humble/install/tango_icons_vendor:/home/nida/ros2_humble/install/stereo_msgs:/home/nida/ros2_humble/install/std_srvs:/home/nida/ros2_humble/install/shape_msgs:/home/nida/ros2_humble/install/sensor_msgs_py:/home/nida/ros2_humble/install/map_msgs:/home/nida/ros2_humble/install/sensor_msgs:/home/nida/ros2_humble/install/nav_msgs:/home/nida/ros2_humble/install/diagnostic_msgs:/home/nida/ros2_humble/install/geometry_msgs:/home/nida/ros2_humble/install/actionlib_msgs:/home/nida/ros2_humble/install/std_msgs:/home/nida/ros2_humble/install/statistics_msgs:/home/nida/ros2_humble/install/sqlite3_vendor:/home/nida/ros2_humble/install/rcl_logging_spdlog:/home/nida/ros2_humble/install/spdlog_vendor:/home/nida/ros2_humble/install/shared_queues_vendor:/home/nida/ros2_humble/install/rviz_rendering_tests:/home/nida/ros2_humble/install/rviz_rendering:/home/nida/ros2_humble/install/rviz_ogre_vendor:/home/nida/ros2_humble/install/rviz_assimp_vendor:/home/nida/ros2_humble/install/rttest:/home/nida/ros2_humble/install/rmw_connextddsmicro:/home/nida/ros2_humble/install/rmw_connextdds:/home/nida/ros2_humble/install/rmw_connextdds_common:/home/nida/ros2_humble/install/rti_connext_dds_cmake_module:/home/nida/ros2_humble/install/rosgraph_msgs:/home/nida/ros2_humble/install/rosbag2_interfaces:/home/nida/ros2_humble/install/rmw_dds_common:/home/nida/ros2_humble/install/composition_interfaces:/home/nida/ros2_humble/install/rcl_interfaces:/home/nida/ros2_humble/install/pendulum_msgs:/home/nida/ros2_humble/install/lifecycle_msgs:/home/nida/ros2_humble/install/builtin_interfaces:/home/nida/ros2_humble/install/rosidl_default_runtime:/home/nida/ros2_humble/install/rosidl_default_generators:/home/nida/ros2_humble/install/rosidl_generator_py:/home/nida/ros2_humble/install/rpyutils:/home/nida/ros2_humble/install/rosidl_typesupport_introspection_tests:/home/nida/ros2_humble/install/rosidl_typesupport_cpp:/home/nida/ros2_humble/install/rosidl_typesupport_introspection_cpp:/home/nida/ros2_humble/install/rosidl_typesupport_c:/home/nida/ros2_humble/install/rosidl_typesupport_introspection_c:/home/nida/ros2_humble/install/rosidl_typesupport_fastrtps_c:/home/nida/ros2_humble/install/rosidl_typesupport_fastrtps_cpp:/home/nida/ros2_humble/install/rosidl_generator_cpp:/home/nida/ros2_humble/install/rosidl_runtime_cpp:/home/nida/ros2_humble/install/rcl_yaml_param_parser:/home/nida/ros2_humble/install/rmw:/home/nida/ros2_humble/install/rosidl_runtime_c:/home/nida/ros2_humble/install/rosidl_generator_c:/home/nida/ros2_humble/install/rosidl_typesupport_interface:/home/nida/ros2_humble/install/rosidl_runtime_py:/home/nida/ros2_humble/install/rosidl_generator_dds_idl:/home/nida/ros2_humble/install/rosidl_cmake:/home/nida/ros2_humble/install/rosidl_parser:/home/nida/ros2_humble/install/rosidl_adapter:/home/nida/ros2_humble/install/rosidl_cli:/home/nida/ros2_humble/install/rosbag2_tests:/home/nida/ros2_humble/install/ros_environment:/home/nida/ros2_humble/install/rmw_implementation_cmake:/home/nida/ros2_humble/install/resource_retriever:/home/nida/ros2_humble/install/class_loader:/home/nida/ros2_humble/install/rcpputils:/home/nida/ros2_humble/install/rcl_logging_noop:/home/nida/ros2_humble/install/rcl_logging_interface:/home/nida/ros2_humble/install/rcutils:/home/nida/ros2_humble/install/qt_gui_py_common:/home/nida/ros2_humble/install/qt_dotgraph:/home/nida/ros2_humble/install/python_qt_binding:/home/nida/ros2_humble/install/python_orocos_kdl_vendor:/home/nida/ros2_humble/install/launch_testing_ament_cmake:/home/nida/ros2_humble/install/python_cmake_module:/home/nida/ros2_humble/install/pybind11_vendor:/home/nida/ros2_humble/install/performance_test_fixture:/home/nida/ros2_humble/install/launch_pytest:/home/nida/ros2_humble/install/launch_testing:/home/nida/ros2_humble/install/launch_yaml:/home/nida/ros2_humble/install/launch_xml:/home/nida/ros2_humble/install/launch:/home/nida/ros2_humble/install/osrf_pycommon:/home/nida/ros2_humble/install/orocos_kdl_vendor:/home/nida/ros2_humble/install/mimick_vendor:/home/nida/ros2_humble/install/libyaml_vendor:/home/nida/ros2_humble/install/libcurl_vendor:/home/nida/ros2_humble/install/launch_testing_examples:/home/nida/ros2_humble/install/keyboard_handler:/home/nida/ros2_humble/install/ament_cmake_ros:/home/nida/ros2_humble/install/ament_cmake_auto:/home/nida/ros2_humble/install/ament_cmake_gmock:/home/nida/ros2_humble/install/ament_cmake_gtest:/home/nida/ros2_humble/install/ament_cmake_google_benchmark:/home/nida/ros2_humble/install/fastrtps_cmake_module:/home/nida/ros2_humble/install/eigen3_cmake_module:/home/nida/ros2_humble/install/domain_coordinator:/home/nida/ros2_humble/install/console_bridge_vendor:/home/nida/ros2_humble/install/ament_cmake_xmllint:/home/nida/ros2_humble/install/ament_xmllint:/home/nida/ros2_humble/install/ament_cmake_pyflakes:/home/nida/ros2_humble/install/ament_pyflakes:/home/nida/ros2_humble/install/ament_cmake_pycodestyle:/home/nida/ros2_humble/install/ament_pycodestyle:/home/nida/ros2_humble/install/ament_cmake_pep257:/home/nida/ros2_humble/install/ament_pep257:/home/nida/ros2_humble/install/ament_cmake_pclint:/home/nida/ros2_humble/install/ament_pclint:/home/nida/ros2_humble/install/ament_lint_auto:/home/nida/ros2_humble/install/ament_cmake:/home/nida/ros2_humble/install/ament_cmake_version:/home/nida/ros2_humble/install/ament_cmake_vendor_package:/home/nida/ros2_humble/install/ament_cmake_pytest:/home/nida/ros2_humble/install/ament_cmake_nose:/home/nida/ros2_humble/install/ament_cmake_mypy:/home/nida/ros2_humble/install/ament_cmake_lint_cmake:/home/nida/ros2_humble/install/ament_cmake_flake8:/home/nida/ros2_humble/install/ament_cmake_cpplint:/home/nida/ros2_humble/install/ament_cmake_cppcheck:/home/nida/ros2_humble/install/ament_cmake_copyright:/home/nida/ros2_humble/install/ament_cmake_clang_tidy:/home/nida/ros2_humble/install/ament_cmake_clang_format:/home/nida/ros2_humble/install/ament_cmake_test:/home/nida/ros2_humble/install/ament_cmake_target_dependencies:/home/nida/ros2_humble/install/ament_cmake_python:/home/nida/ros2_humble/install/ament_cmake_export_dependencies:/home/nida/ros2_humble/install/ament_cmake_libraries:/home/nida/ros2_humble/install/ament_cmake_include_directories:/home/nida/ros2_humble/install/ament_cmake_gen_version_h:/home/nida/ros2_humble/install/ament_cmake_export_targets:/home/nida/ros2_humble/install/ament_cmake_export_link_flags:/home/nida/ros2_humble/install/ament_cmake_export_interfaces:/home/nida/ros2_humble/install/ament_cmake_export_libraries:/home/nida/ros2_humble/install/ament_cmake_export_include_directories:/home/nida/ros2_humble/install/ament_cmake_export_definitions:/home/nida/ros2_humble/install/ament_cmake_core:/home/nida/ros2_humble/install/ament_package:/home/nida/ros2_humble/install/ament_mypy:/home/nida/ros2_humble/install/ament_lint_cmake:/home/nida/ros2_humble/install/ament_flake8:/home/nida/ros2_humble/install/ament_copyright:/home/nida/ros2_humble/install/ament_lint:/home/nida/ros2_humble/install/ament_index_python:/home/nida/ros2_humble/install/ament_index_cpp:/home/nida/ros2_humble/install/ament_cpplint:/home/nida/ros2_humble/install/ament_cppcheck:/home/nida/ros2_humble/install/ament_clang_tidy:/home/nida/ros2_humble/install/ament_clang_format:/opt/ros/humble /home/nida/.local/bin/cmake --build /home/nida/Desktop/qml_ws/build/qml_pkg -- -j8 -l8
[0.235s] -- Found ament_cmake: 1.3.8 (/home/nida/ros2_humble/install/ament_cmake/share/ament_cmake/cmake)
[0.948s] -- Found rclcpp: 16.0.8 (/opt/ros/humble/share/rclcpp/cmake)
[0.990s] -- Found rosidl_generator_c: 3.1.5 (/opt/ros/humble/share/rosidl_generator_c/cmake)
[0.993s] -- Found rosidl_adapter: 3.1.5 (/opt/ros/humble/share/rosidl_adapter/cmake)
[1.001s] -- Found rosidl_generator_cpp: 3.1.5 (/opt/ros/humble/share/rosidl_generator_cpp/cmake)
[1.046s] -- Using all available rosidl_typesupport_c: rosidl_typesupport_introspection_c;rosidl_typesupport_fastrtps_c
[1.097s] -- Using all available rosidl_typesupport_cpp: rosidl_typesupport_introspection_cpp;rosidl_typesupport_fastrtps_cpp
[1.210s] -- Found rmw_implementation_cmake: 6.1.1 (/opt/ros/humble/share/rmw_implementation_cmake/cmake)
[1.242s] -- Found rmw_fastrtps_cpp: 6.2.6 (/opt/ros/humble/share/rmw_fastrtps_cpp/cmake)
[1.524s] -- Using RMW implementation 'rmw_fastrtps_cpp' as default
[1.708s] -- Found example_interfaces: 0.9.3 (/opt/ros/humble/share/example_interfaces/cmake)
[2.435s] -- Configuring done (2.2s)
[2.457s] -- Generating done (0.0s)
[2.460s] -- Build files have been written to: /home/nida/Desktop/qml_ws/build/qml_pkg
[2.531s] [ 25%] [32mBuilding CXX object CMakeFiles/main.dir/src/main.cpp.o[0m
[2.534s] [ 50%] [32mBuilding CXX object CMakeFiles/publisher_node.dir/src/publisher_node.cpp.o[0m
[2.836s] [01m[K/home/nida/Desktop/qml_ws/src/qml_pkg/src/publisher_node.cpp:2:10:[m[K [01;31m[Kfatal error: [m[Kexample_interfaces/msg/string.hpp: No such file or directory
[2.836s]     2 | #include [01;31m[K"example_interfaces/msg/string.hpp"[m[K
[2.837s]       |          [01;31m[K^~~~~~~~~~~~~~~~~~~~~~~~~~~~~~~~~~~[m[K
[2.837s] compilation terminated.
[2.840s] gmake[2]: *** [CMakeFiles/publisher_node.dir/build.make:76: CMakeFiles/publisher_node.dir/src/publisher_node.cpp.o] Error 1
[2.840s] gmake[1]: *** [CMakeFiles/Makefile2:165: CMakeFiles/publisher_node.dir/all] Error 2
[2.840s] gmake[1]: *** Waiting for unfinished jobs....
[5.520s] [01m[K/home/nida/Desktop/qml_ws/src/qml_pkg/src/main.cpp:[m[K In constructor â€˜[01m[KSubscriberNode::SubscriberNode()[m[Kâ€™:
[5.520s] [01m[K/home/nida/Desktop/qml_ws/src/qml_pkg/src/main.cpp:31:9:[m[K [01;31m[Kerror: [m[Kâ€˜[01m[Kconnect[m[Kâ€™ was not declared in this scope
[5.520s]    31 |         [01;31m[Kconnect[m[K(startButton_, &QPushButton::clicked, this, &SubscriberNode::startButtonClicked);
[5.520s]       |         [01;31m[K^~~~~~~[m[K
[7.738s] gmake[2]: *** [CMakeFiles/main.dir/build.make:76: CMakeFiles/main.dir/src/main.cpp.o] Error 1
[7.739s] gmake[1]: *** [CMakeFiles/Makefile2:139: CMakeFiles/main.dir/all] Error 2
[7.739s] gmake: *** [Makefile:146: all] Error 2
[7.745s] Invoked command in '/home/nida/Desktop/qml_ws/build/qml_pkg' returned '2': CMAKE_PREFIX_PATH=/home/nida/Desktop/ROV/task2_ws/install/task2_pkg:/home/nida/ros2_humble/install/rqt_bag_plugins:/home/nida/ros2_humble/install/rosbag2_storage_mcap:/home/nida/ros2_humble/install/rosbag2:/home/nida/ros2_humble/install/rosbag2_compression_zstd:/home/nida/ros2_humble/install/mcap_vendor:/home/nida/ros2_humble/install/zstd_vendor:/home/nida/ros2_humble/install/rviz_visual_testing_framework:/home/nida/ros2_humble/install/rviz2:/home/nida/ros2_humble/install/rviz_default_plugins:/home/nida/ros2_humble/install/rviz_common:/home/nida/ros2_humble/install/rqt_bag:/home/nida/ros2_humble/install/ros2bag:/home/nida/ros2_humble/install/rosbag2_py:/home/nida/ros2_humble/install/rosbag2_transport:/home/nida/ros2_humble/install/rosbag2_performance_benchmarking:/home/nida/ros2_humble/install/rosbag2_compression:/home/nida/ros2_humble/install/rosbag2_cpp:/home/nida/ros2_humble/install/rosbag2_storage_default_plugins:/home/nida/ros2_humble/install/rosbag2_storage:/home/nida/ros2_humble/install/image_common:/home/nida/ros2_humble/install/camera_info_manager:/home/nida/ros2_humble/install/camera_calibration_parsers:/home/nida/ros2_humble/install/yaml_cpp_vendor:/home/nida/ros2_humble/install/interactive_markers:/home/nida/ros2_humble/install/common_interfaces:/home/nida/ros2_humble/install/visualization_msgs:/home/nida/ros2_humble/install/dummy_robot_bringup:/home/nida/ros2_humble/install/robot_state_publisher:/home/nida/ros2_humble/install/kdl_parser:/home/nida/ros2_humble/install/urdf:/home/nida/ros2_humble/install/urdf_parser_plugin:/home/nida/ros2_humble/install/turtlesim:/home/nida/ros2_humble/install/tracetools_test:/home/nida/ros2_humble/install/tracetools_launch:/home/nida/ros2_humble/install/topic_monitor:/home/nida/ros2_humble/install/geometry2:/home/nida/ros2_humble/install/tf2_tools:/home/nida/ros2_humble/install/tf2_sensor_msgs:/home/nida/ros2_humble/install/test_tf2:/home/nida/ros2_humble/install/tf2_kdl:/home/nida/ros2_humble/install/tf2_geometry_msgs:/home/nida/ros2_humble/install/examples_tf2_py:/home/nida/ros2_humble/install/tf2_ros_py:/home/nida/ros2_humble/install/tf2_eigen:/home/nida/ros2_humble/install/tf2_bullet:/home/nida/ros2_humble/install/tf2_ros:/home/nida/ros2_humble/install/tf2_py:/home/nida/ros2_humble/install/tf2_msgs:/home/nida/ros2_humble/install/test_msgs:/home/nida/ros2_humble/install/sros2_cmake:/home/nida/ros2_humble/install/ros2cli_common_extensions:/home/nida/ros2_humble/install/sros2:/home/nida/ros2_humble/install/rqt_topic:/home/nida/ros2_humble/install/rqt_srv:/home/nida/ros2_humble/install/rqt_shell:/home/nida/ros2_humble/install/rqt_service_caller:/home/nida/ros2_humble/install/rqt_reconfigure:/home/nida/ros2_humble/install/rqt_py_console:/home/nida/ros2_humble/install/rqt_publisher:/home/nida/ros2_humble/install/rqt_plot:/home/nida/ros2_humble/install/rqt_action:/home/nida/ros2_humble/install/rqt_msg:/home/nida/ros2_humble/install/rqt_console:/home/nida/ros2_humble/install/rqt:/home/nida/ros2_humble/install/rqt_py_common:/home/nida/ros2_humble/install/rqt_graph:/home/nida/ros2_humble/install/rqt_gui_py:/home/nida/ros2_humble/install/rqt_gui:/home/nida/ros2_humble/install/rosbag2_storage_mcap_testdata:/home/nida/ros2_humble/install/ros_testing:/home/nida/ros2_humble/install/ros2trace:/home/nida/ros2_humble/install/ros2topic:/home/nida/ros2_humble/install/ros2test:/home/nida/ros2_humble/install/ros2component:/home/nida/ros2_humble/install/ros2param:/home/nida/ros2_humble/install/ros2lifecycle:/home/nida/ros2_humble/install/ros2service:/home/nida/ros2_humble/install/ros2run:/home/nida/ros2_humble/install/ros2launch:/home/nida/ros2_humble/install/ros2pkg:/home/nida/ros2_humble/install/ros2node:/home/nida/ros2_humble/install/ros2multicast:/home/nida/ros2_humble/install/ros2interface:/home/nida/ros2_humble/install/ros2doctor:/home/nida/ros2_humble/install/ros2cli_test_interfaces:/home/nida/ros2_humble/install/ros2action:/home/nida/ros2_humble/install/ros2cli:/home/nida/ros2_humble/install/quality_of_service_demo_py:/home/nida/ros2_humble/install/quality_of_service_demo_cpp:/home/nida/ros2_humble/install/image_transport:/home/nida/ros2_humble/install/message_filters:/home/nida/ros2_humble/install/lifecycle_py:/home/nida/ros2_humble/install/launch_testing_ros:/home/nida/ros2_humble/install/demo_nodes_cpp:/home/nida/ros2_humble/install/composition:/home/nida/ros2_humble/install/launch_ros:/home/nida/ros2_humble/install/laser_geometry:/home/nida/ros2_humble/install/examples_rclpy_pointcloud_publisher:/home/nida/ros2_humble/install/examples_rclpy_minimal_subscriber:/home/nida/ros2_humble/install/examples_rclpy_minimal_service:/home/nida/ros2_humble/install/examples_rclpy_minimal_publisher:/home/nida/ros2_humble/install/examples_rclpy_minimal_client:/home/nida/ros2_humble/install/examples_rclpy_minimal_action_server:/home/nida/ros2_humble/install/examples_rclpy_minimal_action_client:/home/nida/ros2_humble/install/examples_rclpy_guard_conditions:/home/nida/ros2_humble/install/examples_rclpy_executors:/home/nida/ros2_humble/install/demo_nodes_py:/home/nida/ros2_humble/install/action_tutorials_py:/home/nida/ros2_humble/install/rclpy:/home/nida/ros2_humble/install/examples_rclcpp_minimal_action_server:/home/nida/ros2_humble/install/examples_rclcpp_minimal_action_client:/home/nida/ros2_humble/install/action_tutorials_cpp:/home/nida/ros2_humble/install/rclcpp_action:/home/nida/ros2_humble/install/rcl_action:/home/nida/ros2_humble/install/examples_rclcpp_wait_set:/home/nida/ros2_humble/install/examples_rclcpp_minimal_service:/home/nida/ros2_humble/install/examples_rclcpp_minimal_client:/home/nida/ros2_humble/install/examples_rclcpp_async_client:/home/nida/ros2_humble/install/example_interfaces:/home/nida/ros2_humble/install/action_tutorials_interfaces:/home/nida/ros2_humble/install/action_msgs:/home/nida/ros2_humble/install/unique_identifier_msgs:/home/nida/ros2_humble/install/ament_lint_common:/home/nida/ros2_humble/install/ament_cmake_uncrustify:/home/nida/ros2_humble/install/ament_uncrustify:/home/nida/ros2_humble/install/uncrustify_vendor:/home/nida/ros2_humble/install/trajectory_msgs:/home/nida/ros2_humble/install/tracetools_trace:/home/nida/ros2_humble/install/tracetools_read:/home/nida/ros2_humble/install/topic_statistics_demo:/home/nida/ros2_humble/install/pendulum_control:/home/nida/ros2_humble/install/tlsf_cpp:/home/nida/ros2_humble/install/test_tracetools:/home/nida/ros2_humble/install/rqt_gui_cpp:/home/nida/ros2_humble/install/rosbag2_test_common:/home/nida/ros2_humble/install/ros2lifecycle_test_fixtures:/home/nida/ros2_humble/install/lifecycle:/home/nida/ros2_humble/install/rclcpp_lifecycle:/home/nida/ros2_humble/install/logging_demo:/home/nida/ros2_humble/install/image_tools:/home/nida/ros2_humble/install/examples_rclcpp_minimal_subscriber:/home/nida/ros2_humble/install/examples_rclcpp_minimal_composition:/home/nida/ros2_humble/install/demo_nodes_cpp_native:/home/nida/ros2_humble/install/rclcpp_components:/home/nida/ros2_humble/install/intra_process_demo:/home/nida/ros2_humble/install/examples_rclcpp_multithreaded_executor:/home/nida/ros2_humble/install/examples_rclcpp_minimal_timer:/home/nida/ros2_humble/install/examples_rclcpp_minimal_publisher:/home/nida/ros2_humble/install/examples_rclcpp_cbg_executor:/home/nida/ros2_humble/install/dummy_sensors:/home/nida/ros2_humble/install/dummy_map_server:/home/nida/ros2_humble/install/rclcpp:/home/nida/ros2_humble/install/rcl_lifecycle:/home/nida/ros2_humble/install/libstatistics_collector:/home/nida/ros2_humble/install/rcl:/home/nida/ros2_humble/install/rmw_implementation:/home/nida/ros2_humble/install/rmw_fastrtps_dynamic_cpp:/home/nida/ros2_humble/install/rmw_fastrtps_cpp:/home/nida/ros2_humble/install/rmw_fastrtps_shared_cpp:/home/nida/ros2_humble/install/rmw_cyclonedds_cpp:/home/nida/ros2_humble/install/tracetools:/home/nida/ros2_humble/install/tlsf:/home/nida/ros2_humble/install/tinyxml_vendor:/home/nida/ros2_humble/install/qt_gui_core:/home/nida/ros2_humble/install/qt_gui_cpp:/home/nida/ros2_humble/install/pluginlib:/home/nida/ros2_humble/install/tinyxml2_vendor:/home/nida/ros2_humble/install/tf2_eigen_kdl:/home/nida/ros2_humble/install/tf2:/home/nida/ros2_humble/install/test_tracetools_launch:/home/nida/ros2_humble/install/test_security:/home/nida/ros2_humble/install/test_rmw_implementation:/home/nida/ros2_humble/install/test_rclcpp:/home/nida/ros2_humble/install/test_quality_of_service:/home/nida/ros2_humble/install/test_launch_testing:/home/nida/ros2_humble/install/test_launch_ros:/home/nida/ros2_humble/install/test_interface_files:/home/nida/ros2_humble/install/test_communication:/home/nida/ros2_humble/install/test_cli_remapping:/home/nida/ros2_humble/install/test_cli:/home/nida/ros2_humble/install/qt_gui_app:/home/nida/ros2_humble/install/qt_gui:/home/nida/ros2_humble/install/tango_icons_vendor:/home/nida/ros2_humble/install/stereo_msgs:/home/nida/ros2_humble/install/std_srvs:/home/nida/ros2_humble/install/shape_msgs:/home/nida/ros2_humble/install/sensor_msgs_py:/home/nida/ros2_humble/install/map_msgs:/home/nida/ros2_humble/install/sensor_msgs:/home/nida/ros2_humble/install/nav_msgs:/home/nida/ros2_humble/install/diagnostic_msgs:/home/nida/ros2_humble/install/geometry_msgs:/home/nida/ros2_humble/install/actionlib_msgs:/home/nida/ros2_humble/install/std_msgs:/home/nida/ros2_humble/install/statistics_msgs:/home/nida/ros2_humble/install/sqlite3_vendor:/home/nida/ros2_humble/install/rcl_logging_spdlog:/home/nida/ros2_humble/install/spdlog_vendor:/home/nida/ros2_humble/install/shared_queues_vendor:/home/nida/ros2_humble/install/rviz_rendering_tests:/home/nida/ros2_humble/install/rviz_rendering:/home/nida/ros2_humble/install/rviz_ogre_vendor:/home/nida/ros2_humble/install/rviz_assimp_vendor:/home/nida/ros2_humble/install/rttest:/home/nida/ros2_humble/install/rmw_connextddsmicro:/home/nida/ros2_humble/install/rmw_connextdds:/home/nida/ros2_humble/install/rmw_connextdds_common:/home/nida/ros2_humble/install/rti_connext_dds_cmake_module:/home/nida/ros2_humble/install/rosgraph_msgs:/home/nida/ros2_humble/install/rosbag2_interfaces:/home/nida/ros2_humble/install/rmw_dds_common:/home/nida/ros2_humble/install/composition_interfaces:/home/nida/ros2_humble/install/rcl_interfaces:/home/nida/ros2_humble/install/pendulum_msgs:/home/nida/ros2_humble/install/lifecycle_msgs:/home/nida/ros2_humble/install/builtin_interfaces:/home/nida/ros2_humble/install/rosidl_default_runtime:/home/nida/ros2_humble/install/rosidl_default_generators:/home/nida/ros2_humble/install/rosidl_generator_py:/home/nida/ros2_humble/install/rpyutils:/home/nida/ros2_humble/install/rosidl_typesupport_introspection_tests:/home/nida/ros2_humble/install/rosidl_typesupport_cpp:/home/nida/ros2_humble/install/rosidl_typesupport_introspection_cpp:/home/nida/ros2_humble/install/rosidl_typesupport_c:/home/nida/ros2_humble/install/rosidl_typesupport_introspection_c:/home/nida/ros2_humble/install/rosidl_typesupport_fastrtps_c:/home/nida/ros2_humble/install/rosidl_typesupport_fastrtps_cpp:/home/nida/ros2_humble/install/rosidl_generator_cpp:/home/nida/ros2_humble/install/rosidl_runtime_cpp:/home/nida/ros2_humble/install/rcl_yaml_param_parser:/home/nida/ros2_humble/install/rmw:/home/nida/ros2_humble/install/rosidl_runtime_c:/home/nida/ros2_humble/install/rosidl_generator_c:/home/nida/ros2_humble/install/rosidl_typesupport_interface:/home/nida/ros2_humble/install/rosidl_runtime_py:/home/nida/ros2_humble/install/rosidl_generator_dds_idl:/home/nida/ros2_humble/install/rosidl_cmake:/home/nida/ros2_humble/install/rosidl_parser:/home/nida/ros2_humble/install/rosidl_adapter:/home/nida/ros2_humble/install/rosidl_cli:/home/nida/ros2_humble/install/rosbag2_tests:/home/nida/ros2_humble/install/ros_environment:/home/nida/ros2_humble/install/rmw_implementation_cmake:/home/nida/ros2_humble/install/resource_retriever:/home/nida/ros2_humble/install/class_loader:/home/nida/ros2_humble/install/rcpputils:/home/nida/ros2_humble/install/rcl_logging_noop:/home/nida/ros2_humble/install/rcl_logging_interface:/home/nida/ros2_humble/install/rcutils:/home/nida/ros2_humble/install/qt_gui_py_common:/home/nida/ros2_humble/install/qt_dotgraph:/home/nida/ros2_humble/install/python_qt_binding:/home/nida/ros2_humble/install/python_orocos_kdl_vendor:/home/nida/ros2_humble/install/launch_testing_ament_cmake:/home/nida/ros2_humble/install/python_cmake_module:/home/nida/ros2_humble/install/pybind11_vendor:/home/nida/ros2_humble/install/performance_test_fixture:/home/nida/ros2_humble/install/launch_pytest:/home/nida/ros2_humble/install/launch_testing:/home/nida/ros2_humble/install/launch_yaml:/home/nida/ros2_humble/install/launch_xml:/home/nida/ros2_humble/install/launch:/home/nida/ros2_humble/install/osrf_pycommon:/home/nida/ros2_humble/install/orocos_kdl_vendor:/home/nida/ros2_humble/install/mimick_vendor:/home/nida/ros2_humble/install/libyaml_vendor:/home/nida/ros2_humble/install/libcurl_vendor:/home/nida/ros2_humble/install/launch_testing_examples:/home/nida/ros2_humble/install/keyboard_handler:/home/nida/ros2_humble/install/ament_cmake_ros:/home/nida/ros2_humble/install/ament_cmake_auto:/home/nida/ros2_humble/install/ament_cmake_gmock:/home/nida/ros2_humble/install/ament_cmake_gtest:/home/nida/ros2_humble/install/ament_cmake_google_benchmark:/home/nida/ros2_humble/install/fastrtps_cmake_module:/home/nida/ros2_humble/install/eigen3_cmake_module:/home/nida/ros2_humble/install/domain_coordinator:/home/nida/ros2_humble/install/console_bridge_vendor:/home/nida/ros2_humble/install/ament_cmake_xmllint:/home/nida/ros2_humble/install/ament_xmllint:/home/nida/ros2_humble/install/ament_cmake_pyflakes:/home/nida/ros2_humble/install/ament_pyflakes:/home/nida/ros2_humble/install/ament_cmake_pycodestyle:/home/nida/ros2_humble/install/ament_pycodestyle:/home/nida/ros2_humble/install/ament_cmake_pep257:/home/nida/ros2_humble/install/ament_pep257:/home/nida/ros2_humble/install/ament_cmake_pclint:/home/nida/ros2_humble/install/ament_pclint:/home/nida/ros2_humble/install/ament_lint_auto:/home/nida/ros2_humble/install/ament_cmake:/home/nida/ros2_humble/install/ament_cmake_version:/home/nida/ros2_humble/install/ament_cmake_vendor_package:/home/nida/ros2_humble/install/ament_cmake_pytest:/home/nida/ros2_humble/install/ament_cmake_nose:/home/nida/ros2_humble/install/ament_cmake_mypy:/home/nida/ros2_humble/install/ament_cmake_lint_cmake:/home/nida/ros2_humble/install/ament_cmake_flake8:/home/nida/ros2_humble/install/ament_cmake_cpplint:/home/nida/ros2_humble/install/ament_cmake_cppcheck:/home/nida/ros2_humble/install/ament_cmake_copyright:/home/nida/ros2_humble/install/ament_cmake_clang_tidy:/home/nida/ros2_humble/install/ament_cmake_clang_format:/home/nida/ros2_humble/install/ament_cmake_test:/home/nida/ros2_humble/install/ament_cmake_target_dependencies:/home/nida/ros2_humble/install/ament_cmake_python:/home/nida/ros2_humble/install/ament_cmake_export_dependencies:/home/nida/ros2_humble/install/ament_cmake_libraries:/home/nida/ros2_humble/install/ament_cmake_include_directories:/home/nida/ros2_humble/install/ament_cmake_gen_version_h:/home/nida/ros2_humble/install/ament_cmake_export_targets:/home/nida/ros2_humble/install/ament_cmake_export_link_flags:/home/nida/ros2_humble/install/ament_cmake_export_interfaces:/home/nida/ros2_humble/install/ament_cmake_export_libraries:/home/nida/ros2_humble/install/ament_cmake_export_include_directories:/home/nida/ros2_humble/install/ament_cmake_export_definitions:/home/nida/ros2_humble/install/ament_cmake_core:/home/nida/ros2_humble/install/ament_package:/home/nida/ros2_humble/install/ament_mypy:/home/nida/ros2_humble/install/ament_lint_cmake:/home/nida/ros2_humble/install/ament_flake8:/home/nida/ros2_humble/install/ament_copyright:/home/nida/ros2_humble/install/ament_lint:/home/nida/ros2_humble/install/ament_index_python:/home/nida/ros2_humble/install/ament_index_cpp:/home/nida/ros2_humble/install/ament_cpplint:/home/nida/ros2_humble/install/ament_cppcheck:/home/nida/ros2_humble/install/ament_clang_tidy:/home/nida/ros2_humble/install/ament_clang_format:/opt/ros/humble /home/nida/.local/bin/cmake --build /home/nida/Desktop/qml_ws/build/qml_pkg -- -j8 -l8
