[ 50%] [32mBuilding CXX object CMakeFiles/main.dir/src/main.cpp.o[0m
[01m[K/home/nida/Desktop/qml_ws/src/qml_pkg/src/main.cpp:[m[K In function â€˜[01m[Kint main(int, char**)[m[Kâ€™:
[01m[K/home/nida/Desktop/qml_ws/src/qml_pkg/src/main.cpp:35:71:[m[K [01;31m[Kerror: [m[Kâ€˜[01m[Kconst QString Constants::backgroundColor[m[Kâ€™ is private within this context
   35 | .rootContext()->setContextProperty("Constants", &Constants::[01;31m[KbackgroundColor[m[K);
      |                                                             [01;31m[K^~~~~~~~~~~~~~~[m[K

[01m[K/home/nida/Desktop/qml_ws/src/qml_pkg/src/main.cpp:14:15:[m[K [01;36m[Knote: [m[Kdeclared private here
   14 | const QString [01;36m[KConstants[m[K::backgroundColor = "#FFFFFF";
      |               [01;36m[K^~~~~~~~~[m[K
[01m[K/home/nida/Desktop/qml_ws/src/qml_pkg/src/main.cpp:35:45:[m[K [01;31m[Kerror: [m[Kuse of deleted function â€˜[01m[KQVariant::QVariant(T) [with T = const QString*; typename std::enable_if<disjunction_v<std::is_pointer<_Tp>, std::is_member_pointer<_Tp> >, bool>::type <anonymous> = false][m[Kâ€™
   35 |     [01;31m[Kengine.rootContext()->setContextProperty("Constants", &Constants::backgroundColor)[m[K;
      |     [01;31m[K~~~~~~~~~~~~~~~~~~~~~~~~~~~~~~~~~~~~~~~~^~~~~~~~~~~~~~~~~~~~~~~~~~~~~~~~~~~~~~~~~~[m[K
In file included from [01m[K/home/nida/Qt/6.6.3/gcc_64/include/QtCore/qlocale.h:7[m[K,
                 from [01m[K/home/nida/Qt/6.6.3/gcc_64/include/QtGui/qguiapplication.h:11[m[K,
                 from [01m[K/home/nida/Qt/6.6.3/gcc_64/include/QtGui/QGuiApplication:1[m[K,
                 from [01m[K/home/nida/Desktop/qml_ws/src/qml_pkg/src/main.cpp:1[m[K:
[01m[K/home/nida/Qt/6.6.3/gcc_64/include/QtCore/qvariant.h:314:5:[m[K [01;36m[Knote: [m[Kdeclared here
  314 |     [01;36m[KQVariant[m[K(T) = delete;
      |     [01;36m[K^~~~~~~~[m[K
gmake[2]: *** [CMakeFiles/main.dir/build.make:76: CMakeFiles/main.dir/src/main.cpp.o] Error 1
gmake[1]: *** [CMakeFiles/Makefile2:137: CMakeFiles/main.dir/all] Error 2
gmake: *** [Makefile:146: all] Error 2
