[ 50%] Built target deneme
[ 75%] [32mBuilding CXX object CMakeFiles/main.dir/src/main.cpp.o[0m
[01m[K/home/nida/Desktop/qml_ws/src/qml_pkg/src/main.cpp:[m[K In function â€˜[01m[Kint main(int, char**)[m[Kâ€™:
[01m[K/home/nida/Desktop/qml_ws/src/qml_pkg/src/main.cpp:74:12:[m[K [01;31m[Kerror: [m[Kâ€˜[01m[Kapp[m[Kâ€™ was not declared in this scope
   74 |     return [01;31m[Kapp[m[K.exec();
      |            [01;31m[K^~~[m[K
gmake[2]: *** [CMakeFiles/main.dir/build.make:76: CMakeFiles/main.dir/src/main.cpp.o] Error 1
gmake[1]: *** [CMakeFiles/Makefile2:139: CMakeFiles/main.dir/all] Error 2
gmake: *** [Makefile:146: all] Error 2
